
AVRASM ver. 2.1.30  C:\Users\Admin\Desktop\LeDuyQuoc\avr-atmega16\sample\1-GPIO\code2\List\c.asm Wed May 25 14:14:39 2022

C:\Users\Admin\Desktop\LeDuyQuoc\avr-atmega16\sample\1-GPIO\code2\List\c.asm(1059): warning: Register r4 already defined by the .DEF directive
C:\Users\Admin\Desktop\LeDuyQuoc\avr-atmega16\sample\1-GPIO\code2\List\c.asm(1060): warning: Register r6 already defined by the .DEF directive
C:\Users\Admin\Desktop\LeDuyQuoc\avr-atmega16\sample\1-GPIO\code2\List\c.asm(1061): warning: Register r9 already defined by the .DEF directive
C:\Users\Admin\Desktop\LeDuyQuoc\avr-atmega16\sample\1-GPIO\code2\List\c.asm(1062): warning: Register r8 already defined by the .DEF directive
C:\Users\Admin\Desktop\LeDuyQuoc\avr-atmega16\sample\1-GPIO\code2\List\c.asm(1063): warning: Register r11 already defined by the .DEF directive
                 
                 
                 ;CodeVisionAVR C Compiler V2.05.0 Professional
                 ;(C) Copyright 1998-2010 Pavel Haiduc, HP InfoTech s.r.l.
                 ;http://www.hpinfotech.com
                 
                 ;Chip type                : ATmega16
                 ;Program type             : Application
                 ;Clock frequency          : 8.000000 MHz
                 ;Memory model             : Small
                 ;Optimize for             : Size
                 ;(s)printf features       : int, width
                 ;(s)scanf features        : int, width
                 ;External RAM size        : 0
                 ;Data Stack size          : 256 byte(s)
                 ;Heap size                : 0 byte(s)
                 ;Promote 'char' to 'int'  : Yes
                 ;'char' is unsigned       : Yes
                 ;8 bit enums              : Yes
                 ;global 'const' stored in FLASH: No
                 ;Enhanced core instructions    : On
                 ;Smart register allocation     : On
                 ;Automatic register allocation : On
                 
                 	#pragma AVRPART ADMIN PART_NAME ATmega16
                 	#pragma AVRPART MEMORY PROG_FLASH 16384
                 	#pragma AVRPART MEMORY EEPROM 512
                 	#pragma AVRPART MEMORY INT_SRAM SIZE 1119
                 	#pragma AVRPART MEMORY INT_SRAM START_ADDR 0x60
                 
                 	#define CALL_SUPPORTED 1
                 
                 	.LISTMAC
                 	.EQU UDRE=0x5
                 	.EQU RXC=0x7
                 	.EQU USR=0xB
                 	.EQU UDR=0xC
                 	.EQU SPSR=0xE
                 	.EQU SPDR=0xF
                 	.EQU EERE=0x0
                 	.EQU EEWE=0x1
                 	.EQU EEMWE=0x2
                 	.EQU EECR=0x1C
                 	.EQU EEDR=0x1D
                 	.EQU EEARL=0x1E
                 	.EQU EEARH=0x1F
                 	.EQU WDTCR=0x21
                 	.EQU MCUCR=0x35
                 	.EQU GICR=0x3B
                 	.EQU SPL=0x3D
                 	.EQU SPH=0x3E
                 	.EQU SREG=0x3F
                 
                 	.DEF R0X0=R0
                 	.DEF R0X1=R1
                 	.DEF R0X2=R2
                 	.DEF R0X3=R3
                 	.DEF R0X4=R4
                 	.DEF R0X5=R5
                 	.DEF R0X6=R6
                 	.DEF R0X7=R7
                 	.DEF R0X8=R8
                 	.DEF R0X9=R9
                 	.DEF R0XA=R10
                 	.DEF R0XB=R11
                 	.DEF R0XC=R12
                 	.DEF R0XD=R13
                 	.DEF R0XE=R14
                 	.DEF R0XF=R15
                 	.DEF R0X10=R16
                 	.DEF R0X11=R17
                 	.DEF R0X12=R18
                 	.DEF R0X13=R19
                 	.DEF R0X14=R20
                 	.DEF R0X15=R21
                 	.DEF R0X16=R22
                 	.DEF R0X17=R23
                 	.DEF R0X18=R24
                 	.DEF R0X19=R25
                 	.DEF R0X1A=R26
                 	.DEF R0X1B=R27
                 	.DEF R0X1C=R28
                 	.DEF R0X1D=R29
                 	.DEF R0X1E=R30
                 	.DEF R0X1F=R31
                 
                 	.EQU __SRAM_START=0x0060
                 	.EQU __SRAM_END=0x045F
                 	.EQU __DSTACK_SIZE=0x0100
                 	.EQU __HEAP_SIZE=0x0000
                 	.EQU __CLEAR_SRAM_SIZE=__SRAM_END-__SRAM_START+1
                 
                 	.MACRO __CPD1N
                 	CPI  R30,LOW(@0)
                 	LDI  R26,HIGH(@0)
                 	CPC  R31,R26
                 	LDI  R26,BYTE3(@0)
                 	CPC  R22,R26
                 	LDI  R26,BYTE4(@0)
                 	CPC  R23,R26
                 	.ENDM
                 
                 	.MACRO __CPD2N
                 	CPI  R26,LOW(@0)
                 	LDI  R30,HIGH(@0)
                 	CPC  R27,R30
                 	LDI  R30,BYTE3(@0)
                 	CPC  R24,R30
                 	LDI  R30,BYTE4(@0)
                 	CPC  R25,R30
                 	.ENDM
                 
                 	.MACRO __CPWRR
                 	CP   R@0,R@2
                 	CPC  R@1,R@3
                 	.ENDM
                 
                 	.MACRO __CPWRN
                 	CPI  R@0,LOW(@2)
                 	LDI  R30,HIGH(@2)
                 	CPC  R@1,R30
                 	.ENDM
                 
                 	.MACRO __ADDB1MN
                 	SUBI R30,LOW(-@0-(@1))
                 	.ENDM
                 
                 	.MACRO __ADDB2MN
                 	SUBI R26,LOW(-@0-(@1))
                 	.ENDM
                 
                 	.MACRO __ADDW1MN
                 	SUBI R30,LOW(-@0-(@1))
                 	SBCI R31,HIGH(-@0-(@1))
                 	.ENDM
                 
                 	.MACRO __ADDW2MN
                 	SUBI R26,LOW(-@0-(@1))
                 	SBCI R27,HIGH(-@0-(@1))
                 	.ENDM
                 
                 	.MACRO __ADDW1FN
                 	SUBI R30,LOW(-2*@0-(@1))
                 	SBCI R31,HIGH(-2*@0-(@1))
                 	.ENDM
                 
                 	.MACRO __ADDD1FN
                 	SUBI R30,LOW(-2*@0-(@1))
                 	SBCI R31,HIGH(-2*@0-(@1))
                 	SBCI R22,BYTE3(-2*@0-(@1))
                 	.ENDM
                 
                 	.MACRO __ADDD1N
                 	SUBI R30,LOW(-@0)
                 	SBCI R31,HIGH(-@0)
                 	SBCI R22,BYTE3(-@0)
                 	SBCI R23,BYTE4(-@0)
                 	.ENDM
                 
                 	.MACRO __ADDD2N
                 	SUBI R26,LOW(-@0)
                 	SBCI R27,HIGH(-@0)
                 	SBCI R24,BYTE3(-@0)
                 	SBCI R25,BYTE4(-@0)
                 	.ENDM
                 
                 	.MACRO __SUBD1N
                 	SUBI R30,LOW(@0)
                 	SBCI R31,HIGH(@0)
                 	SBCI R22,BYTE3(@0)
                 	SBCI R23,BYTE4(@0)
                 	.ENDM
                 
                 	.MACRO __SUBD2N
                 	SUBI R26,LOW(@0)
                 	SBCI R27,HIGH(@0)
                 	SBCI R24,BYTE3(@0)
                 	SBCI R25,BYTE4(@0)
                 	.ENDM
                 
                 	.MACRO __ANDBMNN
                 	LDS  R30,@0+(@1)
                 	ANDI R30,LOW(@2)
                 	STS  @0+(@1),R30
                 	.ENDM
                 
                 	.MACRO __ANDWMNN
                 	LDS  R30,@0+(@1)
                 	ANDI R30,LOW(@2)
                 	STS  @0+(@1),R30
                 	LDS  R30,@0+(@1)+1
                 	ANDI R30,HIGH(@2)
                 	STS  @0+(@1)+1,R30
                 	.ENDM
                 
                 	.MACRO __ANDD1N
                 	ANDI R30,LOW(@0)
                 	ANDI R31,HIGH(@0)
                 	ANDI R22,BYTE3(@0)
                 	ANDI R23,BYTE4(@0)
                 	.ENDM
                 
                 	.MACRO __ANDD2N
                 	ANDI R26,LOW(@0)
                 	ANDI R27,HIGH(@0)
                 	ANDI R24,BYTE3(@0)
                 	ANDI R25,BYTE4(@0)
                 	.ENDM
                 
                 	.MACRO __ORBMNN
                 	LDS  R30,@0+(@1)
                 	ORI  R30,LOW(@2)
                 	STS  @0+(@1),R30
                 	.ENDM
                 
                 	.MACRO __ORWMNN
                 	LDS  R30,@0+(@1)
                 	ORI  R30,LOW(@2)
                 	STS  @0+(@1),R30
                 	LDS  R30,@0+(@1)+1
                 	ORI  R30,HIGH(@2)
                 	STS  @0+(@1)+1,R30
                 	.ENDM
                 
                 	.MACRO __ORD1N
                 	ORI  R30,LOW(@0)
                 	ORI  R31,HIGH(@0)
                 	ORI  R22,BYTE3(@0)
                 	ORI  R23,BYTE4(@0)
                 	.ENDM
                 
                 	.MACRO __ORD2N
                 	ORI  R26,LOW(@0)
                 	ORI  R27,HIGH(@0)
                 	ORI  R24,BYTE3(@0)
                 	ORI  R25,BYTE4(@0)
                 	.ENDM
                 
                 	.MACRO __DELAY_USB
                 	LDI  R24,LOW(@0)
                 __DELAY_USB_LOOP:
                 	DEC  R24
                 	BRNE __DELAY_USB_LOOP
                 	.ENDM
                 
                 	.MACRO __DELAY_USW
                 	LDI  R24,LOW(@0)
                 	LDI  R25,HIGH(@0)
                 __DELAY_USW_LOOP:
                 	SBIW R24,1
                 	BRNE __DELAY_USW_LOOP
                 	.ENDM
                 
                 	.MACRO __GETD1S
                 	LDD  R30,Y+@0
                 	LDD  R31,Y+@0+1
                 	LDD  R22,Y+@0+2
                 	LDD  R23,Y+@0+3
                 	.ENDM
                 
                 	.MACRO __GETD2S
                 	LDD  R26,Y+@0
                 	LDD  R27,Y+@0+1
                 	LDD  R24,Y+@0+2
                 	LDD  R25,Y+@0+3
                 	.ENDM
                 
                 	.MACRO __PUTD1S
                 	STD  Y+@0,R30
                 	STD  Y+@0+1,R31
                 	STD  Y+@0+2,R22
                 	STD  Y+@0+3,R23
                 	.ENDM
                 
                 	.MACRO __PUTD2S
                 	STD  Y+@0,R26
                 	STD  Y+@0+1,R27
                 	STD  Y+@0+2,R24
                 	STD  Y+@0+3,R25
                 	.ENDM
                 
                 	.MACRO __PUTDZ2
                 	STD  Z+@0,R26
                 	STD  Z+@0+1,R27
                 	STD  Z+@0+2,R24
                 	STD  Z+@0+3,R25
                 	.ENDM
                 
                 	.MACRO __CLRD1S
                 	STD  Y+@0,R30
                 	STD  Y+@0+1,R30
                 	STD  Y+@0+2,R30
                 	STD  Y+@0+3,R30
                 	.ENDM
                 
                 	.MACRO __POINTB1MN
                 	LDI  R30,LOW(@0+(@1))
                 	.ENDM
                 
                 	.MACRO __POINTW1MN
                 	LDI  R30,LOW(@0+(@1))
                 	LDI  R31,HIGH(@0+(@1))
                 	.ENDM
                 
                 	.MACRO __POINTD1M
                 	LDI  R30,LOW(@0)
                 	LDI  R31,HIGH(@0)
                 	LDI  R22,BYTE3(@0)
                 	LDI  R23,BYTE4(@0)
                 	.ENDM
                 
                 	.MACRO __POINTW1FN
                 	LDI  R30,LOW(2*@0+(@1))
                 	LDI  R31,HIGH(2*@0+(@1))
                 	.ENDM
                 
                 	.MACRO __POINTD1FN
                 	LDI  R30,LOW(2*@0+(@1))
                 	LDI  R31,HIGH(2*@0+(@1))
                 	LDI  R22,BYTE3(2*@0+(@1))
                 	LDI  R23,BYTE4(2*@0+(@1))
                 	.ENDM
                 
                 	.MACRO __POINTB2MN
                 	LDI  R26,LOW(@0+(@1))
                 	.ENDM
                 
                 	.MACRO __POINTW2MN
                 	LDI  R26,LOW(@0+(@1))
                 	LDI  R27,HIGH(@0+(@1))
                 	.ENDM
                 
                 	.MACRO __POINTBRM
                 	LDI  R@0,LOW(@1)
                 	.ENDM
                 
                 	.MACRO __POINTWRM
                 	LDI  R@0,LOW(@2)
                 	LDI  R@1,HIGH(@2)
                 	.ENDM
                 
                 	.MACRO __POINTBRMN
                 	LDI  R@0,LOW(@1+(@2))
                 	.ENDM
                 
                 	.MACRO __POINTWRMN
                 	LDI  R@0,LOW(@2+(@3))
                 	LDI  R@1,HIGH(@2+(@3))
                 	.ENDM
                 
                 	.MACRO __POINTWRFN
                 	LDI  R@0,LOW(@2*2+(@3))
                 	LDI  R@1,HIGH(@2*2+(@3))
                 	.ENDM
                 
                 	.MACRO __GETD1N
                 	LDI  R30,LOW(@0)
                 	LDI  R31,HIGH(@0)
                 	LDI  R22,BYTE3(@0)
                 	LDI  R23,BYTE4(@0)
                 	.ENDM
                 
                 	.MACRO __GETD2N
                 	LDI  R26,LOW(@0)
                 	LDI  R27,HIGH(@0)
                 	LDI  R24,BYTE3(@0)
                 	LDI  R25,BYTE4(@0)
                 	.ENDM
                 
                 	.MACRO __GETB1MN
                 	LDS  R30,@0+(@1)
                 	.ENDM
                 
                 	.MACRO __GETB1HMN
                 	LDS  R31,@0+(@1)
                 	.ENDM
                 
                 	.MACRO __GETW1MN
                 	LDS  R30,@0+(@1)
                 	LDS  R31,@0+(@1)+1
                 	.ENDM
                 
                 	.MACRO __GETD1MN
                 	LDS  R30,@0+(@1)
                 	LDS  R31,@0+(@1)+1
                 	LDS  R22,@0+(@1)+2
                 	LDS  R23,@0+(@1)+3
                 	.ENDM
                 
                 	.MACRO __GETBRMN
                 	LDS  R@0,@1+(@2)
                 	.ENDM
                 
                 	.MACRO __GETWRMN
                 	LDS  R@0,@2+(@3)
                 	LDS  R@1,@2+(@3)+1
                 	.ENDM
                 
                 	.MACRO __GETWRZ
                 	LDD  R@0,Z+@2
                 	LDD  R@1,Z+@2+1
                 	.ENDM
                 
                 	.MACRO __GETD2Z
                 	LDD  R26,Z+@0
                 	LDD  R27,Z+@0+1
                 	LDD  R24,Z+@0+2
                 	LDD  R25,Z+@0+3
                 	.ENDM
                 
                 	.MACRO __GETB2MN
                 	LDS  R26,@0+(@1)
                 	.ENDM
                 
                 	.MACRO __GETW2MN
                 	LDS  R26,@0+(@1)
                 	LDS  R27,@0+(@1)+1
                 	.ENDM
                 
                 	.MACRO __GETD2MN
                 	LDS  R26,@0+(@1)
                 	LDS  R27,@0+(@1)+1
                 	LDS  R24,@0+(@1)+2
                 	LDS  R25,@0+(@1)+3
                 	.ENDM
                 
                 	.MACRO __PUTB1MN
                 	STS  @0+(@1),R30
                 	.ENDM
                 
                 	.MACRO __PUTW1MN
                 	STS  @0+(@1),R30
                 	STS  @0+(@1)+1,R31
                 	.ENDM
                 
                 	.MACRO __PUTD1MN
                 	STS  @0+(@1),R30
                 	STS  @0+(@1)+1,R31
                 	STS  @0+(@1)+2,R22
                 	STS  @0+(@1)+3,R23
                 	.ENDM
                 
                 	.MACRO __PUTB1EN
                 	LDI  R26,LOW(@0+(@1))
                 	LDI  R27,HIGH(@0+(@1))
                 	CALL __EEPROMWRB
                 	.ENDM
                 
                 	.MACRO __PUTW1EN
                 	LDI  R26,LOW(@0+(@1))
                 	LDI  R27,HIGH(@0+(@1))
                 	CALL __EEPROMWRW
                 	.ENDM
                 
                 	.MACRO __PUTD1EN
                 	LDI  R26,LOW(@0+(@1))
                 	LDI  R27,HIGH(@0+(@1))
                 	CALL __EEPROMWRD
                 	.ENDM
                 
                 	.MACRO __PUTBR0MN
                 	STS  @0+(@1),R0
                 	.ENDM
                 
                 	.MACRO __PUTBMRN
                 	STS  @0+(@1),R@2
                 	.ENDM
                 
                 	.MACRO __PUTWMRN
                 	STS  @0+(@1),R@2
                 	STS  @0+(@1)+1,R@3
                 	.ENDM
                 
                 	.MACRO __PUTBZR
                 	STD  Z+@1,R@0
                 	.ENDM
                 
                 	.MACRO __PUTWZR
                 	STD  Z+@2,R@0
                 	STD  Z+@2+1,R@1
                 	.ENDM
                 
                 	.MACRO __GETW1R
                 	MOV  R30,R@0
                 	MOV  R31,R@1
                 	.ENDM
                 
                 	.MACRO __GETW2R
                 	MOV  R26,R@0
                 	MOV  R27,R@1
                 	.ENDM
                 
                 	.MACRO __GETWRN
                 	LDI  R@0,LOW(@2)
                 	LDI  R@1,HIGH(@2)
                 	.ENDM
                 
                 	.MACRO __PUTW1R
                 	MOV  R@0,R30
                 	MOV  R@1,R31
                 	.ENDM
                 
                 	.MACRO __PUTW2R
                 	MOV  R@0,R26
                 	MOV  R@1,R27
                 	.ENDM
                 
                 	.MACRO __ADDWRN
                 	SUBI R@0,LOW(-@2)
                 	SBCI R@1,HIGH(-@2)
                 	.ENDM
                 
                 	.MACRO __ADDWRR
                 	ADD  R@0,R@2
                 	ADC  R@1,R@3
                 	.ENDM
                 
                 	.MACRO __SUBWRN
                 	SUBI R@0,LOW(@2)
                 	SBCI R@1,HIGH(@2)
                 	.ENDM
                 
                 	.MACRO __SUBWRR
                 	SUB  R@0,R@2
                 	SBC  R@1,R@3
                 	.ENDM
                 
                 	.MACRO __ANDWRN
                 	ANDI R@0,LOW(@2)
                 	ANDI R@1,HIGH(@2)
                 	.ENDM
                 
                 	.MACRO __ANDWRR
                 	AND  R@0,R@2
                 	AND  R@1,R@3
                 	.ENDM
                 
                 	.MACRO __ORWRN
                 	ORI  R@0,LOW(@2)
                 	ORI  R@1,HIGH(@2)
                 	.ENDM
                 
                 	.MACRO __ORWRR
                 	OR   R@0,R@2
                 	OR   R@1,R@3
                 	.ENDM
                 
                 	.MACRO __EORWRR
                 	EOR  R@0,R@2
                 	EOR  R@1,R@3
                 	.ENDM
                 
                 	.MACRO __GETWRS
                 	LDD  R@0,Y+@2
                 	LDD  R@1,Y+@2+1
                 	.ENDM
                 
                 	.MACRO __PUTBSR
                 	STD  Y+@1,R@0
                 	.ENDM
                 
                 	.MACRO __PUTWSR
                 	STD  Y+@2,R@0
                 	STD  Y+@2+1,R@1
                 	.ENDM
                 
                 	.MACRO __MOVEWRR
                 	MOV  R@0,R@2
                 	MOV  R@1,R@3
                 	.ENDM
                 
                 	.MACRO __INWR
                 	IN   R@0,@2
                 	IN   R@1,@2+1
                 	.ENDM
                 
                 	.MACRO __OUTWR
                 	OUT  @2+1,R@1
                 	OUT  @2,R@0
                 	.ENDM
                 
                 	.MACRO __CALL1MN
                 	LDS  R30,@0+(@1)
                 	LDS  R31,@0+(@1)+1
                 	ICALL
                 	.ENDM
                 
                 	.MACRO __CALL1FN
                 	LDI  R30,LOW(2*@0+(@1))
                 	LDI  R31,HIGH(2*@0+(@1))
                 	CALL __GETW1PF
                 	ICALL
                 	.ENDM
                 
                 	.MACRO __CALL2EN
                 	LDI  R26,LOW(@0+(@1))
                 	LDI  R27,HIGH(@0+(@1))
                 	CALL __EEPROMRDW
                 	ICALL
                 	.ENDM
                 
                 	.MACRO __GETW1STACK
                 	IN   R26,SPL
                 	IN   R27,SPH
                 	ADIW R26,@0+1
                 	LD   R30,X+
                 	LD   R31,X
                 	.ENDM
                 
                 	.MACRO __GETD1STACK
                 	IN   R26,SPL
                 	IN   R27,SPH
                 	ADIW R26,@0+1
                 	LD   R30,X+
                 	LD   R31,X+
                 	LD   R22,X
                 	.ENDM
                 
                 	.MACRO __NBST
                 	BST  R@0,@1
                 	IN   R30,SREG
                 	LDI  R31,0x40
                 	EOR  R30,R31
                 	OUT  SREG,R30
                 	.ENDM
                 
                 
                 	.MACRO __PUTB1SN
                 	LDD  R26,Y+@0
                 	LDD  R27,Y+@0+1
                 	SUBI R26,LOW(-@1)
                 	SBCI R27,HIGH(-@1)
                 	ST   X,R30
                 	.ENDM
                 
                 	.MACRO __PUTW1SN
                 	LDD  R26,Y+@0
                 	LDD  R27,Y+@0+1
                 	SUBI R26,LOW(-@1)
                 	SBCI R27,HIGH(-@1)
                 	ST   X+,R30
                 	ST   X,R31
                 	.ENDM
                 
                 	.MACRO __PUTD1SN
                 	LDD  R26,Y+@0
                 	LDD  R27,Y+@0+1
                 	SUBI R26,LOW(-@1)
                 	SBCI R27,HIGH(-@1)
                 	CALL __PUTDP1
                 	.ENDM
                 
                 	.MACRO __PUTB1SNS
                 	LDD  R26,Y+@0
                 	LDD  R27,Y+@0+1
                 	ADIW R26,@1
                 	ST   X,R30
                 	.ENDM
                 
                 	.MACRO __PUTW1SNS
                 	LDD  R26,Y+@0
                 	LDD  R27,Y+@0+1
                 	ADIW R26,@1
                 	ST   X+,R30
                 	ST   X,R31
                 	.ENDM
                 
                 	.MACRO __PUTD1SNS
                 	LDD  R26,Y+@0
                 	LDD  R27,Y+@0+1
                 	ADIW R26,@1
                 	CALL __PUTDP1
                 	.ENDM
                 
                 	.MACRO __PUTB1PMN
                 	LDS  R26,@0
                 	LDS  R27,@0+1
                 	SUBI R26,LOW(-@1)
                 	SBCI R27,HIGH(-@1)
                 	ST   X,R30
                 	.ENDM
                 
                 	.MACRO __PUTW1PMN
                 	LDS  R26,@0
                 	LDS  R27,@0+1
                 	SUBI R26,LOW(-@1)
                 	SBCI R27,HIGH(-@1)
                 	ST   X+,R30
                 	ST   X,R31
                 	.ENDM
                 
                 	.MACRO __PUTD1PMN
                 	LDS  R26,@0
                 	LDS  R27,@0+1
                 	SUBI R26,LOW(-@1)
                 	SBCI R27,HIGH(-@1)
                 	CALL __PUTDP1
                 	.ENDM
                 
                 	.MACRO __PUTB1PMNS
                 	LDS  R26,@0
                 	LDS  R27,@0+1
                 	ADIW R26,@1
                 	ST   X,R30
                 	.ENDM
                 
                 	.MACRO __PUTW1PMNS
                 	LDS  R26,@0
                 	LDS  R27,@0+1
                 	ADIW R26,@1
                 	ST   X+,R30
                 	ST   X,R31
                 	.ENDM
                 
                 	.MACRO __PUTD1PMNS
                 	LDS  R26,@0
                 	LDS  R27,@0+1
                 	ADIW R26,@1
                 	CALL __PUTDP1
                 	.ENDM
                 
                 	.MACRO __PUTB1RN
                 	MOVW R26,R@0
                 	SUBI R26,LOW(-@1)
                 	SBCI R27,HIGH(-@1)
                 	ST   X,R30
                 	.ENDM
                 
                 	.MACRO __PUTW1RN
                 	MOVW R26,R@0
                 	SUBI R26,LOW(-@1)
                 	SBCI R27,HIGH(-@1)
                 	ST   X+,R30
                 	ST   X,R31
                 	.ENDM
                 
                 	.MACRO __PUTD1RN
                 	MOVW R26,R@0
                 	SUBI R26,LOW(-@1)
                 	SBCI R27,HIGH(-@1)
                 	CALL __PUTDP1
                 	.ENDM
                 
                 	.MACRO __PUTB1RNS
                 	MOVW R26,R@0
                 	ADIW R26,@1
                 	ST   X,R30
                 	.ENDM
                 
                 	.MACRO __PUTW1RNS
                 	MOVW R26,R@0
                 	ADIW R26,@1
                 	ST   X+,R30
                 	ST   X,R31
                 	.ENDM
                 
                 	.MACRO __PUTD1RNS
                 	MOVW R26,R@0
                 	ADIW R26,@1
                 	CALL __PUTDP1
                 	.ENDM
                 
                 	.MACRO __PUTB1RON
                 	MOV  R26,R@0
                 	MOV  R27,R@1
                 	SUBI R26,LOW(-@2)
                 	SBCI R27,HIGH(-@2)
                 	ST   X,R30
                 	.ENDM
                 
                 	.MACRO __PUTW1RON
                 	MOV  R26,R@0
                 	MOV  R27,R@1
                 	SUBI R26,LOW(-@2)
                 	SBCI R27,HIGH(-@2)
                 	ST   X+,R30
                 	ST   X,R31
                 	.ENDM
                 
                 	.MACRO __PUTD1RON
                 	MOV  R26,R@0
                 	MOV  R27,R@1
                 	SUBI R26,LOW(-@2)
                 	SBCI R27,HIGH(-@2)
                 	CALL __PUTDP1
                 	.ENDM
                 
                 	.MACRO __PUTB1RONS
                 	MOV  R26,R@0
                 	MOV  R27,R@1
                 	ADIW R26,@2
                 	ST   X,R30
                 	.ENDM
                 
                 	.MACRO __PUTW1RONS
                 	MOV  R26,R@0
                 	MOV  R27,R@1
                 	ADIW R26,@2
                 	ST   X+,R30
                 	ST   X,R31
                 	.ENDM
                 
                 	.MACRO __PUTD1RONS
                 	MOV  R26,R@0
                 	MOV  R27,R@1
                 	ADIW R26,@2
                 	CALL __PUTDP1
                 	.ENDM
                 
                 
                 	.MACRO __GETB1SX
                 	MOVW R30,R28
                 	SUBI R30,LOW(-@0)
                 	SBCI R31,HIGH(-@0)
                 	LD   R30,Z
                 	.ENDM
                 
                 	.MACRO __GETB1HSX
                 	MOVW R30,R28
                 	SUBI R30,LOW(-@0)
                 	SBCI R31,HIGH(-@0)
                 	LD   R31,Z
                 	.ENDM
                 
                 	.MACRO __GETW1SX
                 	MOVW R30,R28
                 	SUBI R30,LOW(-@0)
                 	SBCI R31,HIGH(-@0)
                 	LD   R0,Z+
                 	LD   R31,Z
                 	MOV  R30,R0
                 	.ENDM
                 
                 	.MACRO __GETD1SX
                 	MOVW R30,R28
                 	SUBI R30,LOW(-@0)
                 	SBCI R31,HIGH(-@0)
                 	LD   R0,Z+
                 	LD   R1,Z+
                 	LD   R22,Z+
                 	LD   R23,Z
                 	MOVW R30,R0
                 	.ENDM
                 
                 	.MACRO __GETB2SX
                 	MOVW R26,R28
                 	SUBI R26,LOW(-@0)
                 	SBCI R27,HIGH(-@0)
                 	LD   R26,X
                 	.ENDM
                 
                 	.MACRO __GETW2SX
                 	MOVW R26,R28
                 	SUBI R26,LOW(-@0)
                 	SBCI R27,HIGH(-@0)
                 	LD   R0,X+
                 	LD   R27,X
                 	MOV  R26,R0
                 	.ENDM
                 
                 	.MACRO __GETD2SX
                 	MOVW R26,R28
                 	SUBI R26,LOW(-@0)
                 	SBCI R27,HIGH(-@0)
                 	LD   R0,X+
                 	LD   R1,X+
                 	LD   R24,X+
                 	LD   R25,X
                 	MOVW R26,R0
                 	.ENDM
                 
                 	.MACRO __GETBRSX
                 	MOVW R30,R28
                 	SUBI R30,LOW(-@1)
                 	SBCI R31,HIGH(-@1)
                 	LD   R@0,Z
                 	.ENDM
                 
                 	.MACRO __GETWRSX
                 	MOVW R30,R28
                 	SUBI R30,LOW(-@2)
                 	SBCI R31,HIGH(-@2)
                 	LD   R@0,Z+
                 	LD   R@1,Z
                 	.ENDM
                 
                 	.MACRO __GETBRSX2
                 	MOVW R26,R28
                 	SUBI R26,LOW(-@1)
                 	SBCI R27,HIGH(-@1)
                 	LD   R@0,X
                 	.ENDM
                 
                 	.MACRO __GETWRSX2
                 	MOVW R26,R28
                 	SUBI R26,LOW(-@2)
                 	SBCI R27,HIGH(-@2)
                 	LD   R@0,X+
                 	LD   R@1,X
                 	.ENDM
                 
                 	.MACRO __LSLW8SX
                 	MOVW R30,R28
                 	SUBI R30,LOW(-@0)
                 	SBCI R31,HIGH(-@0)
                 	LD   R31,Z
                 	CLR  R30
                 	.ENDM
                 
                 	.MACRO __PUTB1SX
                 	MOVW R26,R28
                 	SUBI R26,LOW(-@0)
                 	SBCI R27,HIGH(-@0)
                 	ST   X,R30
                 	.ENDM
                 
                 	.MACRO __PUTW1SX
                 	MOVW R26,R28
                 	SUBI R26,LOW(-@0)
                 	SBCI R27,HIGH(-@0)
                 	ST   X+,R30
                 	ST   X,R31
                 	.ENDM
                 
                 	.MACRO __PUTD1SX
                 	MOVW R26,R28
                 	SUBI R26,LOW(-@0)
                 	SBCI R27,HIGH(-@0)
                 	ST   X+,R30
                 	ST   X+,R31
                 	ST   X+,R22
                 	ST   X,R23
                 	.ENDM
                 
                 	.MACRO __CLRW1SX
                 	MOVW R26,R28
                 	SUBI R26,LOW(-@0)
                 	SBCI R27,HIGH(-@0)
                 	ST   X+,R30
                 	ST   X,R30
                 	.ENDM
                 
                 	.MACRO __CLRD1SX
                 	MOVW R26,R28
                 	SUBI R26,LOW(-@0)
                 	SBCI R27,HIGH(-@0)
                 	ST   X+,R30
                 	ST   X+,R30
                 	ST   X+,R30
                 	ST   X,R30
                 	.ENDM
                 
                 	.MACRO __PUTB2SX
                 	MOVW R30,R28
                 	SUBI R30,LOW(-@0)
                 	SBCI R31,HIGH(-@0)
                 	ST   Z,R26
                 	.ENDM
                 
                 	.MACRO __PUTW2SX
                 	MOVW R30,R28
                 	SUBI R30,LOW(-@0)
                 	SBCI R31,HIGH(-@0)
                 	ST   Z+,R26
                 	ST   Z,R27
                 	.ENDM
                 
                 	.MACRO __PUTD2SX
                 	MOVW R30,R28
                 	SUBI R30,LOW(-@0)
                 	SBCI R31,HIGH(-@0)
                 	ST   Z+,R26
                 	ST   Z+,R27
                 	ST   Z+,R24
                 	ST   Z,R25
                 	.ENDM
                 
                 	.MACRO __PUTBSRX
                 	MOVW R30,R28
                 	SUBI R30,LOW(-@1)
                 	SBCI R31,HIGH(-@1)
                 	ST   Z,R@0
                 	.ENDM
                 
                 	.MACRO __PUTWSRX
                 	MOVW R30,R28
                 	SUBI R30,LOW(-@2)
                 	SBCI R31,HIGH(-@2)
                 	ST   Z+,R@0
                 	ST   Z,R@1
                 	.ENDM
                 
                 	.MACRO __PUTB1SNX
                 	MOVW R26,R28
                 	SUBI R26,LOW(-@0)
                 	SBCI R27,HIGH(-@0)
                 	LD   R0,X+
                 	LD   R27,X
                 	MOV  R26,R0
                 	SUBI R26,LOW(-@1)
                 	SBCI R27,HIGH(-@1)
                 	ST   X,R30
                 	.ENDM
                 
                 	.MACRO __PUTW1SNX
                 	MOVW R26,R28
                 	SUBI R26,LOW(-@0)
                 	SBCI R27,HIGH(-@0)
                 	LD   R0,X+
                 	LD   R27,X
                 	MOV  R26,R0
                 	SUBI R26,LOW(-@1)
                 	SBCI R27,HIGH(-@1)
                 	ST   X+,R30
                 	ST   X,R31
                 	.ENDM
                 
                 	.MACRO __PUTD1SNX
                 	MOVW R26,R28
                 	SUBI R26,LOW(-@0)
                 	SBCI R27,HIGH(-@0)
                 	LD   R0,X+
                 	LD   R27,X
                 	MOV  R26,R0
                 	SUBI R26,LOW(-@1)
                 	SBCI R27,HIGH(-@1)
                 	ST   X+,R30
                 	ST   X+,R31
                 	ST   X+,R22
                 	ST   X,R23
                 	.ENDM
                 
                 	.MACRO __MULBRR
                 	MULS R@0,R@1
                 	MOVW R30,R0
                 	.ENDM
                 
                 	.MACRO __MULBRRU
                 	MUL  R@0,R@1
                 	MOVW R30,R0
                 	.ENDM
                 
                 	.MACRO __MULBRR0
                 	MULS R@0,R@1
                 	.ENDM
                 
                 	.MACRO __MULBRRU0
                 	MUL  R@0,R@1
                 	.ENDM
                 
                 	.MACRO __MULBNWRU
                 	LDI  R26,@2
                 	MUL  R26,R@0
                 	MOVW R30,R0
                 	MUL  R26,R@1
                 	ADD  R31,R0
                 	.ENDM
                 
                 ;NAME DEFINITIONS FOR GLOBAL VARIABLES ALLOCATED TO REGISTERS
                 	.DEF _dem=R4
                 	.DEF _xung=R6
                 	.DEF __lcd_x=R9
                 	.DEF __lcd_y=R8
                 	.DEF __lcd_maxx=R11
                 
                 	.CSEG
                 	.ORG 0x00
                 
                 ;START OF CODE MARKER
                 __START_OF_CODE:
                 
                 ;INTERRUPT VECTORS
000000 940c 0046 	JMP  __RESET
000002 940c 0076 	JMP  _ext_int0_isr
000004 940c 0000 	JMP  0x00
000006 940c 0000 	JMP  0x00
000008 940c 0000 	JMP  0x00
00000a 940c 0000 	JMP  0x00
00000c 940c 0000 	JMP  0x00
00000e 940c 0000 	JMP  0x00
000010 940c 007e 	JMP  _timer1_ovf_isr
000012 940c 0000 	JMP  0x00
000014 940c 0000 	JMP  0x00
000016 940c 0000 	JMP  0x00
000018 940c 0000 	JMP  0x00
00001a 940c 0000 	JMP  0x00
00001c 940c 0000 	JMP  0x00
00001e 940c 0000 	JMP  0x00
000020 940c 0000 	JMP  0x00
000022 940c 0000 	JMP  0x00
000024 940c 0000 	JMP  0x00
000026 940c 0000 	JMP  0x00
000028 940c 0000 	JMP  0x00
                 
                 _tbl10_G100:
00002a 2710
00002b 03e8
00002c 0064
00002d 000a      	.DB  0x10,0x27,0xE8,0x3,0x64,0x0,0xA,0x0
00002e 0001      	.DB  0x1,0x0
                 _tbl16_G100:
00002f 1000
000030 0100
000031 0010
000032 0001      	.DB  0x0,0x10,0x0,0x1,0x10,0x0,0x1,0x0
                 
                 _0xB:
000033 0000
000034 0000      	.DB  0x0,0x0,0x0,0x0
                 _0x2020060:
C:\Users\Admin\Desktop\LeDuyQuoc\avr-atmega16\sample\1-GPIO\code2\List\c.asm(1103): warning: .cseg .db misalignment - padding zero byte
000035 0001      	.DB  0x1
                 _0x2020000:
000036 4e2d
000037 4e41
000038 4900
000039 464e      	.DB  0x2D,0x4E,0x41,0x4E,0x0,0x49,0x4E,0x46
C:\Users\Admin\Desktop\LeDuyQuoc\avr-atmega16\sample\1-GPIO\code2\List\c.asm(1106): warning: .cseg .db misalignment - padding zero byte
00003a 0000      	.DB  0x0
                 _0x2040003:
00003b c080      	.DB  0x80,0xC0
                 
                 __GLOBAL_INI_TBL:
00003c 0004      	.DW  0x04
00003d 0004      	.DW  0x04
00003e 0066      	.DW  _0xB*2
                 
00003f 0001      	.DW  0x01
000040 0160      	.DW  __seed_G101
000041 006a      	.DW  _0x2020060*2
                 
000042 0002      	.DW  0x02
000043 0164      	.DW  __base_y_G102
000044 0076      	.DW  _0x2040003*2
                 
                 _0xFFFFFFFF:
000045 0000      	.DW  0
                 
                 __RESET:
000046 94f8      	CLI
000047 27ee      	CLR  R30
000048 bbec      	OUT  EECR,R30
                 
                 ;INTERRUPT VECTORS ARE PLACED
                 ;AT THE START OF FLASH
000049 e0f1      	LDI  R31,1
00004a bffb      	OUT  GICR,R31
00004b bfeb      	OUT  GICR,R30
00004c bfe5      	OUT  MCUCR,R30
                 
                 ;DISABLE WATCHDOG
00004d e1f8      	LDI  R31,0x18
00004e bdf1      	OUT  WDTCR,R31
00004f bde1      	OUT  WDTCR,R30
                 
                 ;CLEAR R2-R14
000050 e08d      	LDI  R24,(14-2)+1
000051 e0a2      	LDI  R26,2
000052 27bb      	CLR  R27
                 __CLEAR_REG:
000053 93ed      	ST   X+,R30
000054 958a      	DEC  R24
000055 f7e9      	BRNE __CLEAR_REG
                 
                 ;CLEAR SRAM
000056 e080      	LDI  R24,LOW(__CLEAR_SRAM_SIZE)
000057 e094      	LDI  R25,HIGH(__CLEAR_SRAM_SIZE)
000058 e6a0      	LDI  R26,__SRAM_START
                 __CLEAR_SRAM:
000059 93ed      	ST   X+,R30
00005a 9701      	SBIW R24,1
00005b f7e9      	BRNE __CLEAR_SRAM
                 
                 ;GLOBAL VARIABLES INITIALIZATION
00005c e7e8      	LDI  R30,LOW(__GLOBAL_INI_TBL*2)
00005d e0f0      	LDI  R31,HIGH(__GLOBAL_INI_TBL*2)
                 __GLOBAL_INI_NEXT:
00005e 9185      	LPM  R24,Z+
00005f 9195      	LPM  R25,Z+
000060 9700      	SBIW R24,0
000061 f061      	BREQ __GLOBAL_INI_END
000062 91a5      	LPM  R26,Z+
000063 91b5      	LPM  R27,Z+
000064 9005      	LPM  R0,Z+
000065 9015      	LPM  R1,Z+
000066 01bf      	MOVW R22,R30
000067 01f0      	MOVW R30,R0
                 __GLOBAL_INI_LOOP:
000068 9005      	LPM  R0,Z+
000069 920d      	ST   X+,R0
00006a 9701      	SBIW R24,1
00006b f7e1      	BRNE __GLOBAL_INI_LOOP
00006c 01fb      	MOVW R30,R22
00006d cff0      	RJMP __GLOBAL_INI_NEXT
                 __GLOBAL_INI_END:
                 
                 ;HARDWARE STACK POINTER INITIALIZATION
00006e e5ef      	LDI  R30,LOW(__SRAM_END-__HEAP_SIZE)
00006f bfed      	OUT  SPL,R30
000070 e0e4      	LDI  R30,HIGH(__SRAM_END-__HEAP_SIZE)
000071 bfee      	OUT  SPH,R30
                 
                 ;DATA STACK POINTER INITIALIZATION
000072 e6c0      	LDI  R28,LOW(__SRAM_START+__DSTACK_SIZE)
000073 e0d1      	LDI  R29,HIGH(__SRAM_START+__DSTACK_SIZE)
                 
000074 940c 00a4 	JMP  _main
                 
                 	.ESEG
                 	.ORG 0
                 
                 	.DSEG
                 	.ORG 0x160
                 
                 	.CSEG
                 ;/*****************************************************
                 ;This program was produced by the
                 ;CodeWizardAVR V2.05.0 Professional
                 ;Automatic Program Generator
                 ;© Copyright 1998-2010 Pavel Haiduc, HP InfoTech s.r.l.
                 ;http://www.hpinfotech.com
                 ;
                 ;Project :
                 ;Version :
                 ;Date    : 25/05/2022
                 ;Author  : NeVaDa
                 ;Company :
                 ;Comments:
                 ;
                 ;
                 ;Chip type               : ATmega16
                 ;Program type            : Application
                 ;AVR Core Clock frequency: 8.000000 MHz
                 ;Memory model            : Small
                 ;External RAM size       : 0
                 ;Data Stack size         : 256
                 ;*****************************************************/
                 ;
                 ;#include <mega16.h>
                 	#ifndef __SLEEP_DEFINED__
                 	#define __SLEEP_DEFINED__
                 	.EQU __se_bit=0x40
                 	.EQU __sm_mask=0xB0
                 	.EQU __sm_powerdown=0x20
                 	.EQU __sm_powersave=0x30
                 	.EQU __sm_standby=0xA0
                 	.EQU __sm_ext_standby=0xB0
                 	.EQU __sm_adc_noise_red=0x10
                 	.SET power_ctrl_reg=mcucr
                 	#endif
                 ;#include <stdio.h>
                 ;#include <stdlib.h>
                 ;#include <delay.h>
                 ;
                 ;// Alphanumeric LCD Module functions
                 ;#include <alcd.h>
                 ;
                 ;unsigned int  dem = 0;
                 ;unsigned int xung = 0;
                 ;
                 ;
                 ;// External Interrupt 0 service routine
                 ;interrupt [EXT_INT0] void ext_int0_isr(void)
                 ; 0000 0026 {
                 
                 	.CSEG
                 _ext_int0_isr:
000076 93ea      	ST   -Y,R30
000077 93fa      	ST   -Y,R31
000078 b7ef      	IN   R30,SREG
000079 93ea      	ST   -Y,R30
                 ; 0000 0027     xung++;
00007a 01f3      	MOVW R30,R6
00007b 9631      	ADIW R30,1
00007c 013f      	MOVW R6,R30
                 ; 0000 0028 
                 ; 0000 0029 }
00007d c009      	RJMP _0xA
                 ;
                 ;
                 ;// Timer1 overflow interrupt service routine
                 ;interrupt [TIM1_OVF] void timer1_ovf_isr(void)
                 ; 0000 002E {
                 _timer1_ovf_isr:
00007e 93ea      	ST   -Y,R30
00007f 93fa      	ST   -Y,R31
000080 b7ef      	IN   R30,SREG
000081 93ea      	ST   -Y,R30
                 ; 0000 002F     dem++;
000082 01f2      	MOVW R30,R4
000083 9631      	ADIW R30,1
000084 012f      	MOVW R4,R30
                 ; 0000 0030     TCNT0 = 31250;
000085 e1e2      	LDI  R30,LOW(18)
000086 bfe2      	OUT  0x32,R30
                 ; 0000 0031 
                 ; 0000 0032 }
                 _0xA:
000087 91e9      	LD   R30,Y+
000088 bfef      	OUT  SREG,R30
000089 91f9      	LD   R31,Y+
00008a 91e9      	LD   R30,Y+
00008b 9518      	RETI
                 ;
                 ;void hienthilcd(unsigned char x, unsigned y, unsigned int val)
                 ; 0000 0035 {
                 _hienthilcd:
                 ; 0000 0036     char *buffer;
                 ; 0000 0037     itoa(val, buffer);
00008c 931a      	ST   -Y,R17
00008d 930a      	ST   -Y,R16
                 ;	x -> Y+6
                 ;	y -> Y+4
                 ;	val -> Y+2
                 ;	*buffer -> R16,R17
00008e 81ea      	LDD  R30,Y+2
00008f 81fb      	LDD  R31,Y+2+1
000090 93fa      	ST   -Y,R31
000091 93ea      	ST   -Y,R30
000092 931a      	ST   -Y,R17
000093 930a      	ST   -Y,R16
000094 940e 00ed 	CALL _itoa
                 ; 0000 0038     lcd_gotoxy(x, y);
000096 81ee      	LDD  R30,Y+6
000097 93ea      	ST   -Y,R30
000098 81ed      	LDD  R30,Y+5
000099 93ea      	ST   -Y,R30
00009a 940e 014a 	CALL _lcd_gotoxy
                 ; 0000 0039     lcd_puts(buffer);
00009c 931a      	ST   -Y,R17
00009d 930a      	ST   -Y,R16
00009e 940e 0179 	CALL _lcd_puts
                 ; 0000 003A }
0000a0 8119      	LDD  R17,Y+1
0000a1 8108      	LDD  R16,Y+0
0000a2 9627      	ADIW R28,7
0000a3 9508      	RET
                 ;
                 ;// Declare your global variables here
                 ;
                 ;void main(void)
                 ; 0000 003F {
                 _main:
                 ; 0000 0040 // Declare your local variables here
                 ; 0000 0041 
                 ; 0000 0042 // Input/Output Ports initialization
                 ; 0000 0043 // Port A initialization
                 ; 0000 0044 // Func7=In Func6=In Func5=In Func4=In Func3=In Func2=In Func1=In Func0=In
                 ; 0000 0045 // State7=T State6=T State5=T State4=T State3=T State2=T State1=T State0=T
                 ; 0000 0046 PORTA=0x00;
0000a4 e0e0      	LDI  R30,LOW(0)
0000a5 bbeb      	OUT  0x1B,R30
                 ; 0000 0047 DDRA=0x00;
0000a6 bbea      	OUT  0x1A,R30
                 ; 0000 0048 
                 ; 0000 0049 // Port B initialization
                 ; 0000 004A // Func7=In Func6=In Func5=In Func4=In Func3=In Func2=In Func1=In Func0=In
                 ; 0000 004B // State7=T State6=T State5=T State4=T State3=T State2=T State1=T State0=T
                 ; 0000 004C PORTB=0x00;
0000a7 bbe8      	OUT  0x18,R30
                 ; 0000 004D DDRB=0x00;
0000a8 bbe7      	OUT  0x17,R30
                 ; 0000 004E 
                 ; 0000 004F // Port C initialization
                 ; 0000 0050 // Func7=In Func6=In Func5=In Func4=In Func3=In Func2=In Func1=In Func0=In
                 ; 0000 0051 // State7=T State6=T State5=T State4=T State3=T State2=T State1=T State0=T
                 ; 0000 0052 PORTC=0x00;
0000a9 bbe5      	OUT  0x15,R30
                 ; 0000 0053 DDRC=0x00;
0000aa bbe4      	OUT  0x14,R30
                 ; 0000 0054 
                 ; 0000 0055 // Port D initialization
                 ; 0000 0056 // Func7=In Func6=In Func5=In Func4=In Func3=In Func2=In Func1=In Func0=In
                 ; 0000 0057 // State7=T State6=T State5=T State4=T State3=T State2=T State1=T State0=T
                 ; 0000 0058 PORTD=0x00;
0000ab bbe2      	OUT  0x12,R30
                 ; 0000 0059 DDRD=0x00;
0000ac bbe1      	OUT  0x11,R30
                 ; 0000 005A 
                 ; 0000 005B // Timer/Counter 0 initialization
                 ; 0000 005C // Clock source: System Clock
                 ; 0000 005D // Clock value: Timer 0 Stopped
                 ; 0000 005E // Mode: Normal top=0xFF
                 ; 0000 005F // OC0 output: Disconnected
                 ; 0000 0060 TCCR0=0x00;
0000ad bfe3      	OUT  0x33,R30
                 ; 0000 0061 TCNT0=0x00;
0000ae bfe2      	OUT  0x32,R30
                 ; 0000 0062 OCR0=0x00;
0000af bfec      	OUT  0x3C,R30
                 ; 0000 0063 
                 ; 0000 0064 // Timer/Counter 1 initialization
                 ; 0000 0065 // Clock source: System Clock
                 ; 0000 0066 // Clock value: 31.250 kHz
                 ; 0000 0067 // Mode: Normal top=0xFFFF
                 ; 0000 0068 // OC1A output: Discon.
                 ; 0000 0069 // OC1B output: Discon.
                 ; 0000 006A // Noise Canceler: Off
                 ; 0000 006B // Input Capture on Falling Edge
                 ; 0000 006C // Timer1 Overflow Interrupt: On
                 ; 0000 006D // Input Capture Interrupt: Off
                 ; 0000 006E // Compare A Match Interrupt: Off
                 ; 0000 006F // Compare B Match Interrupt: Off
                 ; 0000 0070 TCCR1A=0x00;
0000b0 bdef      	OUT  0x2F,R30
                 ; 0000 0071 TCCR1B=0x04;
0000b1 e0e4      	LDI  R30,LOW(4)
0000b2 bdee      	OUT  0x2E,R30
                 ; 0000 0072 TCNT1H=0x00;
0000b3 e0e0      	LDI  R30,LOW(0)
0000b4 bded      	OUT  0x2D,R30
                 ; 0000 0073 TCNT1L=0x00;
0000b5 bdec      	OUT  0x2C,R30
                 ; 0000 0074 ICR1H=0x00;
0000b6 bde7      	OUT  0x27,R30
                 ; 0000 0075 ICR1L=0x00;
0000b7 bde6      	OUT  0x26,R30
                 ; 0000 0076 OCR1AH=0x00;
0000b8 bdeb      	OUT  0x2B,R30
                 ; 0000 0077 OCR1AL=0x00;
0000b9 bdea      	OUT  0x2A,R30
                 ; 0000 0078 OCR1BH=0x00;
0000ba bde9      	OUT  0x29,R30
                 ; 0000 0079 OCR1BL=0x00;
0000bb bde8      	OUT  0x28,R30
                 ; 0000 007A 
                 ; 0000 007B // Timer/Counter 2 initialization
                 ; 0000 007C // Clock source: System Clock
                 ; 0000 007D // Clock value: Timer2 Stopped
                 ; 0000 007E // Mode: Normal top=0xFF
                 ; 0000 007F // OC2 output: Disconnected
                 ; 0000 0080 ASSR=0x00;
0000bc bde2      	OUT  0x22,R30
                 ; 0000 0081 TCCR2=0x00;
0000bd bde5      	OUT  0x25,R30
                 ; 0000 0082 TCNT2=0x00;
0000be bde4      	OUT  0x24,R30
                 ; 0000 0083 OCR2=0x00;
0000bf bde3      	OUT  0x23,R30
                 ; 0000 0084 
                 ; 0000 0085 // Timer(s)/Counter(s) Interrupt(s) initialization
                 ; 0000 0086 TIMSK=0x04;
0000c0 e0e4      	LDI  R30,LOW(4)
0000c1 bfe9      	OUT  0x39,R30
                 ; 0000 0087 
                 ; 0000 0088 // External Interrupt(s) initialization
                 ; 0000 0089 // INT0: On
                 ; 0000 008A // INT0 Mode: Falling Edge
                 ; 0000 008B // INT1: Off
                 ; 0000 008C // INT2: Off
                 ; 0000 008D GICR|=0x40;
0000c2 b7eb      	IN   R30,0x3B
0000c3 64e0      	ORI  R30,0x40
0000c4 bfeb      	OUT  0x3B,R30
                 ; 0000 008E MCUCR=0x02;
0000c5 e0e2      	LDI  R30,LOW(2)
0000c6 bfe5      	OUT  0x35,R30
                 ; 0000 008F MCUCSR=0x00;
0000c7 e0e0      	LDI  R30,LOW(0)
0000c8 bfe4      	OUT  0x34,R30
                 ; 0000 0090 GIFR=0x40;
0000c9 e4e0      	LDI  R30,LOW(64)
0000ca bfea      	OUT  0x3A,R30
                 ; 0000 0091 
                 ; 0000 0092 // USART initialization
                 ; 0000 0093 // USART disabled
                 ; 0000 0094 UCSRB=0x00;
0000cb e0e0      	LDI  R30,LOW(0)
0000cc b9ea      	OUT  0xA,R30
                 ; 0000 0095 
                 ; 0000 0096 // Analog Comparator initialization
                 ; 0000 0097 // Analog Comparator: Off
                 ; 0000 0098 // Analog Comparator Input Capture by Timer/Counter 1: Off
                 ; 0000 0099 ACSR=0x80;
0000cd e8e0      	LDI  R30,LOW(128)
0000ce b9e8      	OUT  0x8,R30
                 ; 0000 009A SFIOR=0x00;
0000cf e0e0      	LDI  R30,LOW(0)
0000d0 bfe0      	OUT  0x30,R30
                 ; 0000 009B 
                 ; 0000 009C // ADC initialization
                 ; 0000 009D // ADC disabled
                 ; 0000 009E ADCSRA=0x00;
0000d1 b9e6      	OUT  0x6,R30
                 ; 0000 009F 
                 ; 0000 00A0 // SPI initialization
                 ; 0000 00A1 // SPI disabled
                 ; 0000 00A2 SPCR=0x00;
0000d2 b9ed      	OUT  0xD,R30
                 ; 0000 00A3 
                 ; 0000 00A4 // TWI initialization
                 ; 0000 00A5 // TWI disabled
                 ; 0000 00A6 TWCR=0x00;
0000d3 bfe6      	OUT  0x36,R30
                 ; 0000 00A7 
                 ; 0000 00A8 // Alphanumeric LCD initialization
                 ; 0000 00A9 // Connections specified in the
                 ; 0000 00AA // Project|Configure|C Compiler|Libraries|Alphanumeric LCD menu:
                 ; 0000 00AB // RS - PORTA Bit 0
                 ; 0000 00AC // RD - PORTA Bit 1
                 ; 0000 00AD // EN - PORTA Bit 2
                 ; 0000 00AE // D4 - PORTA Bit 4
                 ; 0000 00AF // D5 - PORTA Bit 5
                 ; 0000 00B0 // D6 - PORTA Bit 6
                 ; 0000 00B1 // D7 - PORTA Bit 7
                 ; 0000 00B2 // Characters/line: 16
                 ; 0000 00B3 lcd_init(16);
0000d4 e1e0      	LDI  R30,LOW(16)
0000d5 93ea      	ST   -Y,R30
0000d6 940e 0188 	CALL _lcd_init
                 ; 0000 00B4 
                 ; 0000 00B5 // Global enable interrupts
                 ; 0000 00B6 #asm("sei")
0000d8 9478      	sei
                 ; 0000 00B7 
                 ; 0000 00B8 while (1)
                 _0x3:
                 ; 0000 00B9       {
                 ; 0000 00BA       xung = 0;
0000d9 2466      	CLR  R6
0000da 2477      	CLR  R7
                 ; 0000 00BB       TCNT0 = 31250;
0000db e1e2      	LDI  R30,LOW(18)
0000dc bfe2      	OUT  0x32,R30
                 ; 0000 00BC       while(dem >= 1);
                 _0x6:
0000dd e0e1      	LDI  R30,LOW(1)
0000de e0f0      	LDI  R31,HIGH(1)
0000df 164e      	CP   R4,R30
0000e0 065f      	CPC  R5,R31
0000e1 f7d8      	BRSH _0x6
                 ; 0000 00BD       hienthilcd(0,0,xung);
0000e2 e0e0      	LDI  R30,LOW(0)
0000e3 93ea      	ST   -Y,R30
0000e4 e0e0      	LDI  R30,LOW(0)
0000e5 e0f0      	LDI  R31,HIGH(0)
0000e6 93fa      	ST   -Y,R31
0000e7 93ea      	ST   -Y,R30
0000e8 927a      	ST   -Y,R7
0000e9 926a      	ST   -Y,R6
0000ea dfa1      	RCALL _hienthilcd
                 ; 0000 00BE       //xung = 0;
                 ; 0000 00BF       }
0000eb cfed      	RJMP _0x3
                 ; 0000 00C0 }
                 _0x9:
0000ec cfff      	RJMP _0x9
                 ;
                 	#ifndef __SLEEP_DEFINED__
                 	#endif
                 
                 	.CSEG
                 
                 	.CSEG
                 _itoa:
0000ed 91a9          ld   r26,y+
0000ee 91b9          ld   r27,y+
0000ef 91e9          ld   r30,y+
0000f0 91f9          ld   r31,y+
0000f1 9630          adiw r30,0
0000f2 f42a          brpl __itoa0
0000f3 95e0          com  r30
0000f4 95f0          com  r31
0000f5 9631          adiw r30,1
0000f6 e26d          ldi  r22,'-'
0000f7 936d          st   x+,r22
                 __itoa0:
0000f8 94e8          clt
0000f9 e180          ldi  r24,low(10000)
0000fa e297          ldi  r25,high(10000)
0000fb d00d          rcall __itoa1
0000fc ee88          ldi  r24,low(1000)
0000fd e093          ldi  r25,high(1000)
0000fe d00a          rcall __itoa1
0000ff e684          ldi  r24,100
000100 2799          clr  r25
000101 d007          rcall __itoa1
000102 e08a          ldi  r24,10
000103 d005          rcall __itoa1
000104 2f6e          mov  r22,r30
000105 d010          rcall __itoa5
000106 2766          clr  r22
000107 936c          st   x,r22
000108 9508          ret
                 
                 __itoa1:
000109 2766          clr	 r22
                 __itoa2:
00010a 17e8          cp   r30,r24
00010b 07f9          cpc  r31,r25
00010c f020          brlo __itoa3
00010d 9563          inc  r22
00010e 1be8          sub  r30,r24
00010f 0bf9          sbc  r31,r25
000110 f7c9          brne __itoa2
                 __itoa3:
000111 2366          tst  r22
000112 f411          brne __itoa4
000113 f016          brts __itoa5
000114 9508          ret
                 __itoa4:
000115 9468          set
                 __itoa5:
000116 5d60          subi r22,-0x30
000117 936d          st   x+,r22
000118 9508          ret
                 
                 	.DSEG
                 
                 	.CSEG
                 	#ifndef __SLEEP_DEFINED__
                 	#endif
                 
                 	.DSEG
                 
                 	.CSEG
                 __lcd_write_nibble_G102:
000119 81e8      	LD   R30,Y
00011a 71e0      	ANDI R30,LOW(0x10)
00011b f011      	BREQ _0x2040004
00011c 9adc      	SBI  0x1B,4
00011d c001      	RJMP _0x2040005
                 _0x2040004:
00011e 98dc      	CBI  0x1B,4
                 _0x2040005:
00011f 81e8      	LD   R30,Y
000120 72e0      	ANDI R30,LOW(0x20)
000121 f011      	BREQ _0x2040006
000122 9add      	SBI  0x1B,5
000123 c001      	RJMP _0x2040007
                 _0x2040006:
000124 98dd      	CBI  0x1B,5
                 _0x2040007:
000125 81e8      	LD   R30,Y
000126 74e0      	ANDI R30,LOW(0x40)
000127 f011      	BREQ _0x2040008
000128 9ade      	SBI  0x1B,6
000129 c001      	RJMP _0x2040009
                 _0x2040008:
00012a 98de      	CBI  0x1B,6
                 _0x2040009:
00012b 81e8      	LD   R30,Y
00012c 78e0      	ANDI R30,LOW(0x80)
00012d f011      	BREQ _0x204000A
00012e 9adf      	SBI  0x1B,7
00012f c001      	RJMP _0x204000B
                 _0x204000A:
000130 98df      	CBI  0x1B,7
                 _0x204000B:
                +
000131 e085     +LDI R24 , LOW ( 5 )
                +__DELAY_USB_LOOP :
000132 958a     +DEC R24
000133 f7f1     +BRNE __DELAY_USB_LOOP
                 	__DELAY_USB 5
000134 9ada      	SBI  0x1B,2
                +
000135 e08d     +LDI R24 , LOW ( 13 )
                +__DELAY_USB_LOOP :
000136 958a     +DEC R24
000137 f7f1     +BRNE __DELAY_USB_LOOP
                 	__DELAY_USB 13
000138 98da      	CBI  0x1B,2
                +
000139 e08d     +LDI R24 , LOW ( 13 )
                +__DELAY_USB_LOOP :
00013a 958a     +DEC R24
00013b f7f1     +BRNE __DELAY_USB_LOOP
                 	__DELAY_USB 13
00013c c07e      	RJMP _0x20C0001
                 __lcd_write_data:
00013d 81e8      	LD   R30,Y
00013e 93ea      	ST   -Y,R30
00013f dfd9      	RCALL __lcd_write_nibble_G102
000140 81e8          ld    r30,y
000141 95e2          swap  r30
000142 83e8          st    y,r30
000143 81e8      	LD   R30,Y
000144 93ea      	ST   -Y,R30
000145 dfd3      	RCALL __lcd_write_nibble_G102
                +
000146 e885     +LDI R24 , LOW ( 133 )
                +__DELAY_USB_LOOP :
000147 958a     +DEC R24
000148 f7f1     +BRNE __DELAY_USB_LOOP
                 	__DELAY_USB 133
000149 c071      	RJMP _0x20C0001
                 _lcd_gotoxy:
00014a 81e8      	LD   R30,Y
00014b e0f0      	LDI  R31,0
00014c 59ec      	SUBI R30,LOW(-__base_y_G102)
00014d 4ffe      	SBCI R31,HIGH(-__base_y_G102)
00014e 81e0      	LD   R30,Z
00014f 81a9      	LDD  R26,Y+1
000150 0fea      	ADD  R30,R26
000151 93ea      	ST   -Y,R30
000152 dfea      	RCALL __lcd_write_data
000153 8099      	LDD  R9,Y+1
000154 8088      	LDD  R8,Y+0
000155 9622      	ADIW R28,2
000156 9508      	RET
                 _lcd_clear:
000157 e0e2      	LDI  R30,LOW(2)
000158 940e 01bd 	CALL SUBOPT_0x0
00015a e0ec      	LDI  R30,LOW(12)
00015b 93ea      	ST   -Y,R30
00015c dfe0      	RCALL __lcd_write_data
00015d e0e1      	LDI  R30,LOW(1)
00015e 940e 01bd 	CALL SUBOPT_0x0
000160 e0e0      	LDI  R30,LOW(0)
000161 2e8e      	MOV  R8,R30
000162 2e9e      	MOV  R9,R30
000163 9508      	RET
                 _lcd_putchar:
000164 81a8      	LD   R26,Y
000165 30aa      	CPI  R26,LOW(0xA)
000166 f011      	BREQ _0x2040011
000167 149b      	CP   R9,R11
000168 f048      	BRLO _0x2040010
                 _0x2040011:
000169 e0e0      	LDI  R30,LOW(0)
00016a 93ea      	ST   -Y,R30
00016b 9483      	INC  R8
00016c 928a      	ST   -Y,R8
00016d dfdc      	RCALL _lcd_gotoxy
00016e 81a8      	LD   R26,Y
00016f 30aa      	CPI  R26,LOW(0xA)
000170 f409      	BRNE _0x2040013
000171 c049      	RJMP _0x20C0001
                 _0x2040013:
                 _0x2040010:
000172 9493      	INC  R9
000173 9ad8      	SBI  0x1B,0
000174 81e8      	LD   R30,Y
000175 93ea      	ST   -Y,R30
000176 dfc6      	RCALL __lcd_write_data
000177 98d8      	CBI  0x1B,0
000178 c042      	RJMP _0x20C0001
                 _lcd_puts:
000179 931a      	ST   -Y,R17
                 _0x2040014:
00017a 81a9      	LDD  R26,Y+1
00017b 81ba      	LDD  R27,Y+1+1
00017c 91ed      	LD   R30,X+
00017d 83a9      	STD  Y+1,R26
00017e 83ba      	STD  Y+1+1,R27
00017f 2f1e      	MOV  R17,R30
000180 30e0      	CPI  R30,0
000181 f019      	BREQ _0x2040016
000182 931a      	ST   -Y,R17
000183 dfe0      	RCALL _lcd_putchar
000184 cff5      	RJMP _0x2040014
                 _0x2040016:
000185 8118      	LDD  R17,Y+0
000186 9623      	ADIW R28,3
000187 9508      	RET
                 _lcd_init:
000188 9ad4      	SBI  0x1A,4
000189 9ad5      	SBI  0x1A,5
00018a 9ad6      	SBI  0x1A,6
00018b 9ad7      	SBI  0x1A,7
00018c 9ad2      	SBI  0x1A,2
00018d 9ad0      	SBI  0x1A,0
00018e 9ad1      	SBI  0x1A,1
00018f 98da      	CBI  0x1B,2
000190 98d8      	CBI  0x1B,0
000191 98d9      	CBI  0x1B,1
000192 80b8      	LDD  R11,Y+0
000193 81e8      	LD   R30,Y
000194 58e0      	SUBI R30,-LOW(128)
                +
000195 93e0 0166+STS __base_y_G102 + ( 2 ) , R30
                 	__PUTB1MN __base_y_G102,2
000197 81e8      	LD   R30,Y
000198 54e0      	SUBI R30,-LOW(192)
                +
000199 93e0 0167+STS __base_y_G102 + ( 3 ) , R30
                 	__PUTB1MN __base_y_G102,3
00019b e1e4      	LDI  R30,LOW(20)
00019c e0f0      	LDI  R31,HIGH(20)
00019d 93fa      	ST   -Y,R31
00019e 93ea      	ST   -Y,R30
00019f 940e 01cf 	CALL _delay_ms
0001a1 940e 01c6 	CALL SUBOPT_0x1
0001a3 940e 01c6 	CALL SUBOPT_0x1
0001a5 940e 01c6 	CALL SUBOPT_0x1
0001a7 e2e0      	LDI  R30,LOW(32)
0001a8 93ea      	ST   -Y,R30
0001a9 df6f      	RCALL __lcd_write_nibble_G102
                +
0001aa ec88     +LDI R24 , LOW ( 200 )
0001ab e090     +LDI R25 , HIGH ( 200 )
                +__DELAY_USW_LOOP :
0001ac 9701     +SBIW R24 , 1
0001ad f7f1     +BRNE __DELAY_USW_LOOP
                 	__DELAY_USW 200
0001ae e2e8      	LDI  R30,LOW(40)
0001af 93ea      	ST   -Y,R30
0001b0 df8c      	RCALL __lcd_write_data
0001b1 e0e4      	LDI  R30,LOW(4)
0001b2 93ea      	ST   -Y,R30
0001b3 df89      	RCALL __lcd_write_data
0001b4 e8e5      	LDI  R30,LOW(133)
0001b5 93ea      	ST   -Y,R30
0001b6 df86      	RCALL __lcd_write_data
0001b7 e0e6      	LDI  R30,LOW(6)
0001b8 93ea      	ST   -Y,R30
0001b9 df83      	RCALL __lcd_write_data
0001ba df9c      	RCALL _lcd_clear
                 _0x20C0001:
0001bb 9621      	ADIW R28,1
0001bc 9508      	RET
                 
                 	.CSEG
                 
                 	.CSEG
                 
                 	.CSEG
                 
                 	.DSEG
                 __seed_G101:
000160           	.BYTE 0x4
                 __base_y_G102:
000164           	.BYTE 0x4
                 
                 	.CSEG
                 ;OPTIMIZER ADDED SUBROUTINE, CALLED 2 TIMES, CODE SIZE REDUCTION:4 WORDS
                 SUBOPT_0x0:
0001bd 93ea      	ST   -Y,R30
0001be 940e 013d 	CALL __lcd_write_data
0001c0 e0e3      	LDI  R30,LOW(3)
0001c1 e0f0      	LDI  R31,HIGH(3)
0001c2 93fa      	ST   -Y,R31
0001c3 93ea      	ST   -Y,R30
0001c4 940c 01cf 	JMP  _delay_ms
                 
                 ;OPTIMIZER ADDED SUBROUTINE, CALLED 3 TIMES, CODE SIZE REDUCTION:9 WORDS
                 SUBOPT_0x1:
0001c6 e3e0      	LDI  R30,LOW(48)
0001c7 93ea      	ST   -Y,R30
0001c8 940e 0119 	CALL __lcd_write_nibble_G102
                +
0001ca ec88     +LDI R24 , LOW ( 200 )
0001cb e090     +LDI R25 , HIGH ( 200 )
                +__DELAY_USW_LOOP :
0001cc 9701     +SBIW R24 , 1
0001cd f7f1     +BRNE __DELAY_USW_LOOP
                 	__DELAY_USW 200
0001ce 9508      	RET
                 
                 
                 	.CSEG
                 _delay_ms:
0001cf 91e9      	ld   r30,y+
0001d0 91f9      	ld   r31,y+
0001d1 9630      	adiw r30,0
0001d2 f039      	breq __delay_ms1
                 __delay_ms0:
                +
0001d3 ed80     +LDI R24 , LOW ( 0x7D0 )
0001d4 e097     +LDI R25 , HIGH ( 0x7D0 )
                +__DELAY_USW_LOOP :
0001d5 9701     +SBIW R24 , 1
0001d6 f7f1     +BRNE __DELAY_USW_LOOP
                 	__DELAY_USW 0x7D0
0001d7 95a8      	wdr
0001d8 9731      	sbiw r30,1
0001d9 f7c9      	brne __delay_ms0
                 __delay_ms1:
0001da 9508      	ret
                 
                 ;END OF CODE MARKER
                 __END_OF_CODE:


RESOURCE USE INFORMATION
------------------------

Notice:
The register and instruction counts are symbol table hit counts,
and hence implicitly used resources are not counted, eg, the
'lpm' instruction without operands implicitly uses r0 and z,
none of which are counted.

x,y,z are separate entities in the symbol table and are
counted separately from r26..r31 here.

.dseg memory usage only counts static data declared with .byte

ATmega16 register use summary:
r0 :   4 r1 :   1 r2 :   0 r3 :   0 r4 :   3 r5 :   1 r6 :   4 r7 :   2 
r8 :   4 r9 :   4 r10:   0 r11:   2 r12:   0 r13:   0 r14:   0 r15:   0 
r16:   4 r17:   8 r18:   0 r19:   0 r20:   0 r21:   0 r22:  12 r23:   0 
r24:  27 r25:  10 r26:  12 r27:   5 r28:   5 r29:   1 r30: 163 r31:  25 
x  :   7 y  :  80 z  :   8 
Registers used: 23 out of 35 (65.7%)

ATmega16 instruction use summary:
.lds  :   0 .lds.l:   0 .sts  :   0 .sts.l:   0 adc   :   0 add   :   1 
adiw  :   9 and   :   0 andi  :   4 asr   :   0 bclr  :   0 bld   :   0 
brbc  :   0 brbs  :   0 brcc  :   0 brcs  :   0 break :   0 breq  :   8 
brge  :   0 brhc  :   0 brhs  :   0 brid  :   0 brie  :   0 brlo  :   2 
brlt  :   0 brmi  :   0 brne  :  14 brpl  :   1 brsh  :   1 brtc  :   0 
brts  :   1 brvc  :   0 brvs  :   0 bset  :   0 bst   :   0 call  :  12 
cbi   :   9 cbr   :   0 clc   :   0 clh   :   0 cli   :   1 cln   :   0 
clr   :   7 cls   :   0 clt   :   1 clv   :   0 clz   :   0 com   :   2 
cp    :   3 cpc   :   2 cpi   :   3 cpse  :   0 dec   :   5 des   :   0 
eor   :   0 fmul  :   0 fmuls :   0 fmulsu:   0 icall :   0 ijmp  :   0 
in    :   3 inc   :   3 jmp   :  23 ld    :  24 ldd   :  13 ldi   :  64 
lds   :   0 lpm   :   7 lsl   :   0 lsr   :   0 mov   :   4 movw  :   7 
mul   :   0 muls  :   0 mulsu :   0 neg   :   0 nop   :   0 or    :   0 
ori   :   1 out   :  47 pop   :   0 push  :   0 rcall :  19 ret   :  10 
reti  :   1 rjmp  :  13 rol   :   0 ror   :   0 sbc   :   1 sbci  :   1 
sbi   :  13 sbic  :   0 sbis  :   0 sbiw  :   7 sbr   :   0 sbrc  :   0 
sbrs  :   0 sec   :   0 seh   :   0 sei   :   1 sen   :   0 ser   :   0 
ses   :   0 set   :   1 sev   :   0 sez   :   0 sleep :   0 spm   :   0 
st    :  49 std   :   2 sts   :   2 sub   :   1 subi  :   4 swap  :   1 
tst   :   1 wdr   :   1 
Instructions used: 48 out of 116 (41.4%)

ATmega16 memory use summary [bytes]:
Segment   Begin    End      Code   Data   Used    Size   Use%
---------------------------------------------------------------
[.cseg] 0x000000 0x0003b6    894     56    950   16384   5.8%
[.dseg] 0x000060 0x000168      0      8      8    1119   0.7%
[.eseg] 0x000000 0x000000      0      0      0     512   0.0%

Assembly complete, 0 errors, 7 warnings
