
AVRASM ver. 2.1.30  C:\Users\Admin\Desktop\LeDuyQuoc\avr-atmega16\sample\1-GPIO\code2\List\x.asm Wed May 25 15:46:15 2022

C:\Users\Admin\Desktop\LeDuyQuoc\avr-atmega16\sample\1-GPIO\code2\List\x.asm(1059): warning: Register r4 already defined by the .DEF directive
C:\Users\Admin\Desktop\LeDuyQuoc\avr-atmega16\sample\1-GPIO\code2\List\x.asm(1060): warning: Register r7 already defined by the .DEF directive
C:\Users\Admin\Desktop\LeDuyQuoc\avr-atmega16\sample\1-GPIO\code2\List\x.asm(1061): warning: Register r6 already defined by the .DEF directive
C:\Users\Admin\Desktop\LeDuyQuoc\avr-atmega16\sample\1-GPIO\code2\List\x.asm(1062): warning: Register r9 already defined by the .DEF directive
                 
                 
                 ;CodeVisionAVR C Compiler V2.05.0 Professional
                 ;(C) Copyright 1998-2010 Pavel Haiduc, HP InfoTech s.r.l.
                 ;http://www.hpinfotech.com
                 
                 ;Chip type                : ATmega16
                 ;Program type             : Application
                 ;Clock frequency          : 1.000000 MHz
                 ;Memory model             : Small
                 ;Optimize for             : Size
                 ;(s)printf features       : int, width
                 ;(s)scanf features        : int, width
                 ;External RAM size        : 0
                 ;Data Stack size          : 256 byte(s)
                 ;Heap size                : 0 byte(s)
                 ;Promote 'char' to 'int'  : Yes
                 ;'char' is unsigned       : Yes
                 ;8 bit enums              : Yes
                 ;global 'const' stored in FLASH: No
                 ;Enhanced core instructions    : On
                 ;Smart register allocation     : On
                 ;Automatic register allocation : On
                 
                 	#pragma AVRPART ADMIN PART_NAME ATmega16
                 	#pragma AVRPART MEMORY PROG_FLASH 16384
                 	#pragma AVRPART MEMORY EEPROM 512
                 	#pragma AVRPART MEMORY INT_SRAM SIZE 1119
                 	#pragma AVRPART MEMORY INT_SRAM START_ADDR 0x60
                 
                 	#define CALL_SUPPORTED 1
                 
                 	.LISTMAC
                 	.EQU UDRE=0x5
                 	.EQU RXC=0x7
                 	.EQU USR=0xB
                 	.EQU UDR=0xC
                 	.EQU SPSR=0xE
                 	.EQU SPDR=0xF
                 	.EQU EERE=0x0
                 	.EQU EEWE=0x1
                 	.EQU EEMWE=0x2
                 	.EQU EECR=0x1C
                 	.EQU EEDR=0x1D
                 	.EQU EEARL=0x1E
                 	.EQU EEARH=0x1F
                 	.EQU WDTCR=0x21
                 	.EQU MCUCR=0x35
                 	.EQU GICR=0x3B
                 	.EQU SPL=0x3D
                 	.EQU SPH=0x3E
                 	.EQU SREG=0x3F
                 
                 	.DEF R0X0=R0
                 	.DEF R0X1=R1
                 	.DEF R0X2=R2
                 	.DEF R0X3=R3
                 	.DEF R0X4=R4
                 	.DEF R0X5=R5
                 	.DEF R0X6=R6
                 	.DEF R0X7=R7
                 	.DEF R0X8=R8
                 	.DEF R0X9=R9
                 	.DEF R0XA=R10
                 	.DEF R0XB=R11
                 	.DEF R0XC=R12
                 	.DEF R0XD=R13
                 	.DEF R0XE=R14
                 	.DEF R0XF=R15
                 	.DEF R0X10=R16
                 	.DEF R0X11=R17
                 	.DEF R0X12=R18
                 	.DEF R0X13=R19
                 	.DEF R0X14=R20
                 	.DEF R0X15=R21
                 	.DEF R0X16=R22
                 	.DEF R0X17=R23
                 	.DEF R0X18=R24
                 	.DEF R0X19=R25
                 	.DEF R0X1A=R26
                 	.DEF R0X1B=R27
                 	.DEF R0X1C=R28
                 	.DEF R0X1D=R29
                 	.DEF R0X1E=R30
                 	.DEF R0X1F=R31
                 
                 	.EQU __SRAM_START=0x0060
                 	.EQU __SRAM_END=0x045F
                 	.EQU __DSTACK_SIZE=0x0100
                 	.EQU __HEAP_SIZE=0x0000
                 	.EQU __CLEAR_SRAM_SIZE=__SRAM_END-__SRAM_START+1
                 
                 	.MACRO __CPD1N
                 	CPI  R30,LOW(@0)
                 	LDI  R26,HIGH(@0)
                 	CPC  R31,R26
                 	LDI  R26,BYTE3(@0)
                 	CPC  R22,R26
                 	LDI  R26,BYTE4(@0)
                 	CPC  R23,R26
                 	.ENDM
                 
                 	.MACRO __CPD2N
                 	CPI  R26,LOW(@0)
                 	LDI  R30,HIGH(@0)
                 	CPC  R27,R30
                 	LDI  R30,BYTE3(@0)
                 	CPC  R24,R30
                 	LDI  R30,BYTE4(@0)
                 	CPC  R25,R30
                 	.ENDM
                 
                 	.MACRO __CPWRR
                 	CP   R@0,R@2
                 	CPC  R@1,R@3
                 	.ENDM
                 
                 	.MACRO __CPWRN
                 	CPI  R@0,LOW(@2)
                 	LDI  R30,HIGH(@2)
                 	CPC  R@1,R30
                 	.ENDM
                 
                 	.MACRO __ADDB1MN
                 	SUBI R30,LOW(-@0-(@1))
                 	.ENDM
                 
                 	.MACRO __ADDB2MN
                 	SUBI R26,LOW(-@0-(@1))
                 	.ENDM
                 
                 	.MACRO __ADDW1MN
                 	SUBI R30,LOW(-@0-(@1))
                 	SBCI R31,HIGH(-@0-(@1))
                 	.ENDM
                 
                 	.MACRO __ADDW2MN
                 	SUBI R26,LOW(-@0-(@1))
                 	SBCI R27,HIGH(-@0-(@1))
                 	.ENDM
                 
                 	.MACRO __ADDW1FN
                 	SUBI R30,LOW(-2*@0-(@1))
                 	SBCI R31,HIGH(-2*@0-(@1))
                 	.ENDM
                 
                 	.MACRO __ADDD1FN
                 	SUBI R30,LOW(-2*@0-(@1))
                 	SBCI R31,HIGH(-2*@0-(@1))
                 	SBCI R22,BYTE3(-2*@0-(@1))
                 	.ENDM
                 
                 	.MACRO __ADDD1N
                 	SUBI R30,LOW(-@0)
                 	SBCI R31,HIGH(-@0)
                 	SBCI R22,BYTE3(-@0)
                 	SBCI R23,BYTE4(-@0)
                 	.ENDM
                 
                 	.MACRO __ADDD2N
                 	SUBI R26,LOW(-@0)
                 	SBCI R27,HIGH(-@0)
                 	SBCI R24,BYTE3(-@0)
                 	SBCI R25,BYTE4(-@0)
                 	.ENDM
                 
                 	.MACRO __SUBD1N
                 	SUBI R30,LOW(@0)
                 	SBCI R31,HIGH(@0)
                 	SBCI R22,BYTE3(@0)
                 	SBCI R23,BYTE4(@0)
                 	.ENDM
                 
                 	.MACRO __SUBD2N
                 	SUBI R26,LOW(@0)
                 	SBCI R27,HIGH(@0)
                 	SBCI R24,BYTE3(@0)
                 	SBCI R25,BYTE4(@0)
                 	.ENDM
                 
                 	.MACRO __ANDBMNN
                 	LDS  R30,@0+(@1)
                 	ANDI R30,LOW(@2)
                 	STS  @0+(@1),R30
                 	.ENDM
                 
                 	.MACRO __ANDWMNN
                 	LDS  R30,@0+(@1)
                 	ANDI R30,LOW(@2)
                 	STS  @0+(@1),R30
                 	LDS  R30,@0+(@1)+1
                 	ANDI R30,HIGH(@2)
                 	STS  @0+(@1)+1,R30
                 	.ENDM
                 
                 	.MACRO __ANDD1N
                 	ANDI R30,LOW(@0)
                 	ANDI R31,HIGH(@0)
                 	ANDI R22,BYTE3(@0)
                 	ANDI R23,BYTE4(@0)
                 	.ENDM
                 
                 	.MACRO __ANDD2N
                 	ANDI R26,LOW(@0)
                 	ANDI R27,HIGH(@0)
                 	ANDI R24,BYTE3(@0)
                 	ANDI R25,BYTE4(@0)
                 	.ENDM
                 
                 	.MACRO __ORBMNN
                 	LDS  R30,@0+(@1)
                 	ORI  R30,LOW(@2)
                 	STS  @0+(@1),R30
                 	.ENDM
                 
                 	.MACRO __ORWMNN
                 	LDS  R30,@0+(@1)
                 	ORI  R30,LOW(@2)
                 	STS  @0+(@1),R30
                 	LDS  R30,@0+(@1)+1
                 	ORI  R30,HIGH(@2)
                 	STS  @0+(@1)+1,R30
                 	.ENDM
                 
                 	.MACRO __ORD1N
                 	ORI  R30,LOW(@0)
                 	ORI  R31,HIGH(@0)
                 	ORI  R22,BYTE3(@0)
                 	ORI  R23,BYTE4(@0)
                 	.ENDM
                 
                 	.MACRO __ORD2N
                 	ORI  R26,LOW(@0)
                 	ORI  R27,HIGH(@0)
                 	ORI  R24,BYTE3(@0)
                 	ORI  R25,BYTE4(@0)
                 	.ENDM
                 
                 	.MACRO __DELAY_USB
                 	LDI  R24,LOW(@0)
                 __DELAY_USB_LOOP:
                 	DEC  R24
                 	BRNE __DELAY_USB_LOOP
                 	.ENDM
                 
                 	.MACRO __DELAY_USW
                 	LDI  R24,LOW(@0)
                 	LDI  R25,HIGH(@0)
                 __DELAY_USW_LOOP:
                 	SBIW R24,1
                 	BRNE __DELAY_USW_LOOP
                 	.ENDM
                 
                 	.MACRO __GETD1S
                 	LDD  R30,Y+@0
                 	LDD  R31,Y+@0+1
                 	LDD  R22,Y+@0+2
                 	LDD  R23,Y+@0+3
                 	.ENDM
                 
                 	.MACRO __GETD2S
                 	LDD  R26,Y+@0
                 	LDD  R27,Y+@0+1
                 	LDD  R24,Y+@0+2
                 	LDD  R25,Y+@0+3
                 	.ENDM
                 
                 	.MACRO __PUTD1S
                 	STD  Y+@0,R30
                 	STD  Y+@0+1,R31
                 	STD  Y+@0+2,R22
                 	STD  Y+@0+3,R23
                 	.ENDM
                 
                 	.MACRO __PUTD2S
                 	STD  Y+@0,R26
                 	STD  Y+@0+1,R27
                 	STD  Y+@0+2,R24
                 	STD  Y+@0+3,R25
                 	.ENDM
                 
                 	.MACRO __PUTDZ2
                 	STD  Z+@0,R26
                 	STD  Z+@0+1,R27
                 	STD  Z+@0+2,R24
                 	STD  Z+@0+3,R25
                 	.ENDM
                 
                 	.MACRO __CLRD1S
                 	STD  Y+@0,R30
                 	STD  Y+@0+1,R30
                 	STD  Y+@0+2,R30
                 	STD  Y+@0+3,R30
                 	.ENDM
                 
                 	.MACRO __POINTB1MN
                 	LDI  R30,LOW(@0+(@1))
                 	.ENDM
                 
                 	.MACRO __POINTW1MN
                 	LDI  R30,LOW(@0+(@1))
                 	LDI  R31,HIGH(@0+(@1))
                 	.ENDM
                 
                 	.MACRO __POINTD1M
                 	LDI  R30,LOW(@0)
                 	LDI  R31,HIGH(@0)
                 	LDI  R22,BYTE3(@0)
                 	LDI  R23,BYTE4(@0)
                 	.ENDM
                 
                 	.MACRO __POINTW1FN
                 	LDI  R30,LOW(2*@0+(@1))
                 	LDI  R31,HIGH(2*@0+(@1))
                 	.ENDM
                 
                 	.MACRO __POINTD1FN
                 	LDI  R30,LOW(2*@0+(@1))
                 	LDI  R31,HIGH(2*@0+(@1))
                 	LDI  R22,BYTE3(2*@0+(@1))
                 	LDI  R23,BYTE4(2*@0+(@1))
                 	.ENDM
                 
                 	.MACRO __POINTB2MN
                 	LDI  R26,LOW(@0+(@1))
                 	.ENDM
                 
                 	.MACRO __POINTW2MN
                 	LDI  R26,LOW(@0+(@1))
                 	LDI  R27,HIGH(@0+(@1))
                 	.ENDM
                 
                 	.MACRO __POINTBRM
                 	LDI  R@0,LOW(@1)
                 	.ENDM
                 
                 	.MACRO __POINTWRM
                 	LDI  R@0,LOW(@2)
                 	LDI  R@1,HIGH(@2)
                 	.ENDM
                 
                 	.MACRO __POINTBRMN
                 	LDI  R@0,LOW(@1+(@2))
                 	.ENDM
                 
                 	.MACRO __POINTWRMN
                 	LDI  R@0,LOW(@2+(@3))
                 	LDI  R@1,HIGH(@2+(@3))
                 	.ENDM
                 
                 	.MACRO __POINTWRFN
                 	LDI  R@0,LOW(@2*2+(@3))
                 	LDI  R@1,HIGH(@2*2+(@3))
                 	.ENDM
                 
                 	.MACRO __GETD1N
                 	LDI  R30,LOW(@0)
                 	LDI  R31,HIGH(@0)
                 	LDI  R22,BYTE3(@0)
                 	LDI  R23,BYTE4(@0)
                 	.ENDM
                 
                 	.MACRO __GETD2N
                 	LDI  R26,LOW(@0)
                 	LDI  R27,HIGH(@0)
                 	LDI  R24,BYTE3(@0)
                 	LDI  R25,BYTE4(@0)
                 	.ENDM
                 
                 	.MACRO __GETB1MN
                 	LDS  R30,@0+(@1)
                 	.ENDM
                 
                 	.MACRO __GETB1HMN
                 	LDS  R31,@0+(@1)
                 	.ENDM
                 
                 	.MACRO __GETW1MN
                 	LDS  R30,@0+(@1)
                 	LDS  R31,@0+(@1)+1
                 	.ENDM
                 
                 	.MACRO __GETD1MN
                 	LDS  R30,@0+(@1)
                 	LDS  R31,@0+(@1)+1
                 	LDS  R22,@0+(@1)+2
                 	LDS  R23,@0+(@1)+3
                 	.ENDM
                 
                 	.MACRO __GETBRMN
                 	LDS  R@0,@1+(@2)
                 	.ENDM
                 
                 	.MACRO __GETWRMN
                 	LDS  R@0,@2+(@3)
                 	LDS  R@1,@2+(@3)+1
                 	.ENDM
                 
                 	.MACRO __GETWRZ
                 	LDD  R@0,Z+@2
                 	LDD  R@1,Z+@2+1
                 	.ENDM
                 
                 	.MACRO __GETD2Z
                 	LDD  R26,Z+@0
                 	LDD  R27,Z+@0+1
                 	LDD  R24,Z+@0+2
                 	LDD  R25,Z+@0+3
                 	.ENDM
                 
                 	.MACRO __GETB2MN
                 	LDS  R26,@0+(@1)
                 	.ENDM
                 
                 	.MACRO __GETW2MN
                 	LDS  R26,@0+(@1)
                 	LDS  R27,@0+(@1)+1
                 	.ENDM
                 
                 	.MACRO __GETD2MN
                 	LDS  R26,@0+(@1)
                 	LDS  R27,@0+(@1)+1
                 	LDS  R24,@0+(@1)+2
                 	LDS  R25,@0+(@1)+3
                 	.ENDM
                 
                 	.MACRO __PUTB1MN
                 	STS  @0+(@1),R30
                 	.ENDM
                 
                 	.MACRO __PUTW1MN
                 	STS  @0+(@1),R30
                 	STS  @0+(@1)+1,R31
                 	.ENDM
                 
                 	.MACRO __PUTD1MN
                 	STS  @0+(@1),R30
                 	STS  @0+(@1)+1,R31
                 	STS  @0+(@1)+2,R22
                 	STS  @0+(@1)+3,R23
                 	.ENDM
                 
                 	.MACRO __PUTB1EN
                 	LDI  R26,LOW(@0+(@1))
                 	LDI  R27,HIGH(@0+(@1))
                 	CALL __EEPROMWRB
                 	.ENDM
                 
                 	.MACRO __PUTW1EN
                 	LDI  R26,LOW(@0+(@1))
                 	LDI  R27,HIGH(@0+(@1))
                 	CALL __EEPROMWRW
                 	.ENDM
                 
                 	.MACRO __PUTD1EN
                 	LDI  R26,LOW(@0+(@1))
                 	LDI  R27,HIGH(@0+(@1))
                 	CALL __EEPROMWRD
                 	.ENDM
                 
                 	.MACRO __PUTBR0MN
                 	STS  @0+(@1),R0
                 	.ENDM
                 
                 	.MACRO __PUTBMRN
                 	STS  @0+(@1),R@2
                 	.ENDM
                 
                 	.MACRO __PUTWMRN
                 	STS  @0+(@1),R@2
                 	STS  @0+(@1)+1,R@3
                 	.ENDM
                 
                 	.MACRO __PUTBZR
                 	STD  Z+@1,R@0
                 	.ENDM
                 
                 	.MACRO __PUTWZR
                 	STD  Z+@2,R@0
                 	STD  Z+@2+1,R@1
                 	.ENDM
                 
                 	.MACRO __GETW1R
                 	MOV  R30,R@0
                 	MOV  R31,R@1
                 	.ENDM
                 
                 	.MACRO __GETW2R
                 	MOV  R26,R@0
                 	MOV  R27,R@1
                 	.ENDM
                 
                 	.MACRO __GETWRN
                 	LDI  R@0,LOW(@2)
                 	LDI  R@1,HIGH(@2)
                 	.ENDM
                 
                 	.MACRO __PUTW1R
                 	MOV  R@0,R30
                 	MOV  R@1,R31
                 	.ENDM
                 
                 	.MACRO __PUTW2R
                 	MOV  R@0,R26
                 	MOV  R@1,R27
                 	.ENDM
                 
                 	.MACRO __ADDWRN
                 	SUBI R@0,LOW(-@2)
                 	SBCI R@1,HIGH(-@2)
                 	.ENDM
                 
                 	.MACRO __ADDWRR
                 	ADD  R@0,R@2
                 	ADC  R@1,R@3
                 	.ENDM
                 
                 	.MACRO __SUBWRN
                 	SUBI R@0,LOW(@2)
                 	SBCI R@1,HIGH(@2)
                 	.ENDM
                 
                 	.MACRO __SUBWRR
                 	SUB  R@0,R@2
                 	SBC  R@1,R@3
                 	.ENDM
                 
                 	.MACRO __ANDWRN
                 	ANDI R@0,LOW(@2)
                 	ANDI R@1,HIGH(@2)
                 	.ENDM
                 
                 	.MACRO __ANDWRR
                 	AND  R@0,R@2
                 	AND  R@1,R@3
                 	.ENDM
                 
                 	.MACRO __ORWRN
                 	ORI  R@0,LOW(@2)
                 	ORI  R@1,HIGH(@2)
                 	.ENDM
                 
                 	.MACRO __ORWRR
                 	OR   R@0,R@2
                 	OR   R@1,R@3
                 	.ENDM
                 
                 	.MACRO __EORWRR
                 	EOR  R@0,R@2
                 	EOR  R@1,R@3
                 	.ENDM
                 
                 	.MACRO __GETWRS
                 	LDD  R@0,Y+@2
                 	LDD  R@1,Y+@2+1
                 	.ENDM
                 
                 	.MACRO __PUTBSR
                 	STD  Y+@1,R@0
                 	.ENDM
                 
                 	.MACRO __PUTWSR
                 	STD  Y+@2,R@0
                 	STD  Y+@2+1,R@1
                 	.ENDM
                 
                 	.MACRO __MOVEWRR
                 	MOV  R@0,R@2
                 	MOV  R@1,R@3
                 	.ENDM
                 
                 	.MACRO __INWR
                 	IN   R@0,@2
                 	IN   R@1,@2+1
                 	.ENDM
                 
                 	.MACRO __OUTWR
                 	OUT  @2+1,R@1
                 	OUT  @2,R@0
                 	.ENDM
                 
                 	.MACRO __CALL1MN
                 	LDS  R30,@0+(@1)
                 	LDS  R31,@0+(@1)+1
                 	ICALL
                 	.ENDM
                 
                 	.MACRO __CALL1FN
                 	LDI  R30,LOW(2*@0+(@1))
                 	LDI  R31,HIGH(2*@0+(@1))
                 	CALL __GETW1PF
                 	ICALL
                 	.ENDM
                 
                 	.MACRO __CALL2EN
                 	LDI  R26,LOW(@0+(@1))
                 	LDI  R27,HIGH(@0+(@1))
                 	CALL __EEPROMRDW
                 	ICALL
                 	.ENDM
                 
                 	.MACRO __GETW1STACK
                 	IN   R26,SPL
                 	IN   R27,SPH
                 	ADIW R26,@0+1
                 	LD   R30,X+
                 	LD   R31,X
                 	.ENDM
                 
                 	.MACRO __GETD1STACK
                 	IN   R26,SPL
                 	IN   R27,SPH
                 	ADIW R26,@0+1
                 	LD   R30,X+
                 	LD   R31,X+
                 	LD   R22,X
                 	.ENDM
                 
                 	.MACRO __NBST
                 	BST  R@0,@1
                 	IN   R30,SREG
                 	LDI  R31,0x40
                 	EOR  R30,R31
                 	OUT  SREG,R30
                 	.ENDM
                 
                 
                 	.MACRO __PUTB1SN
                 	LDD  R26,Y+@0
                 	LDD  R27,Y+@0+1
                 	SUBI R26,LOW(-@1)
                 	SBCI R27,HIGH(-@1)
                 	ST   X,R30
                 	.ENDM
                 
                 	.MACRO __PUTW1SN
                 	LDD  R26,Y+@0
                 	LDD  R27,Y+@0+1
                 	SUBI R26,LOW(-@1)
                 	SBCI R27,HIGH(-@1)
                 	ST   X+,R30
                 	ST   X,R31
                 	.ENDM
                 
                 	.MACRO __PUTD1SN
                 	LDD  R26,Y+@0
                 	LDD  R27,Y+@0+1
                 	SUBI R26,LOW(-@1)
                 	SBCI R27,HIGH(-@1)
                 	CALL __PUTDP1
                 	.ENDM
                 
                 	.MACRO __PUTB1SNS
                 	LDD  R26,Y+@0
                 	LDD  R27,Y+@0+1
                 	ADIW R26,@1
                 	ST   X,R30
                 	.ENDM
                 
                 	.MACRO __PUTW1SNS
                 	LDD  R26,Y+@0
                 	LDD  R27,Y+@0+1
                 	ADIW R26,@1
                 	ST   X+,R30
                 	ST   X,R31
                 	.ENDM
                 
                 	.MACRO __PUTD1SNS
                 	LDD  R26,Y+@0
                 	LDD  R27,Y+@0+1
                 	ADIW R26,@1
                 	CALL __PUTDP1
                 	.ENDM
                 
                 	.MACRO __PUTB1PMN
                 	LDS  R26,@0
                 	LDS  R27,@0+1
                 	SUBI R26,LOW(-@1)
                 	SBCI R27,HIGH(-@1)
                 	ST   X,R30
                 	.ENDM
                 
                 	.MACRO __PUTW1PMN
                 	LDS  R26,@0
                 	LDS  R27,@0+1
                 	SUBI R26,LOW(-@1)
                 	SBCI R27,HIGH(-@1)
                 	ST   X+,R30
                 	ST   X,R31
                 	.ENDM
                 
                 	.MACRO __PUTD1PMN
                 	LDS  R26,@0
                 	LDS  R27,@0+1
                 	SUBI R26,LOW(-@1)
                 	SBCI R27,HIGH(-@1)
                 	CALL __PUTDP1
                 	.ENDM
                 
                 	.MACRO __PUTB1PMNS
                 	LDS  R26,@0
                 	LDS  R27,@0+1
                 	ADIW R26,@1
                 	ST   X,R30
                 	.ENDM
                 
                 	.MACRO __PUTW1PMNS
                 	LDS  R26,@0
                 	LDS  R27,@0+1
                 	ADIW R26,@1
                 	ST   X+,R30
                 	ST   X,R31
                 	.ENDM
                 
                 	.MACRO __PUTD1PMNS
                 	LDS  R26,@0
                 	LDS  R27,@0+1
                 	ADIW R26,@1
                 	CALL __PUTDP1
                 	.ENDM
                 
                 	.MACRO __PUTB1RN
                 	MOVW R26,R@0
                 	SUBI R26,LOW(-@1)
                 	SBCI R27,HIGH(-@1)
                 	ST   X,R30
                 	.ENDM
                 
                 	.MACRO __PUTW1RN
                 	MOVW R26,R@0
                 	SUBI R26,LOW(-@1)
                 	SBCI R27,HIGH(-@1)
                 	ST   X+,R30
                 	ST   X,R31
                 	.ENDM
                 
                 	.MACRO __PUTD1RN
                 	MOVW R26,R@0
                 	SUBI R26,LOW(-@1)
                 	SBCI R27,HIGH(-@1)
                 	CALL __PUTDP1
                 	.ENDM
                 
                 	.MACRO __PUTB1RNS
                 	MOVW R26,R@0
                 	ADIW R26,@1
                 	ST   X,R30
                 	.ENDM
                 
                 	.MACRO __PUTW1RNS
                 	MOVW R26,R@0
                 	ADIW R26,@1
                 	ST   X+,R30
                 	ST   X,R31
                 	.ENDM
                 
                 	.MACRO __PUTD1RNS
                 	MOVW R26,R@0
                 	ADIW R26,@1
                 	CALL __PUTDP1
                 	.ENDM
                 
                 	.MACRO __PUTB1RON
                 	MOV  R26,R@0
                 	MOV  R27,R@1
                 	SUBI R26,LOW(-@2)
                 	SBCI R27,HIGH(-@2)
                 	ST   X,R30
                 	.ENDM
                 
                 	.MACRO __PUTW1RON
                 	MOV  R26,R@0
                 	MOV  R27,R@1
                 	SUBI R26,LOW(-@2)
                 	SBCI R27,HIGH(-@2)
                 	ST   X+,R30
                 	ST   X,R31
                 	.ENDM
                 
                 	.MACRO __PUTD1RON
                 	MOV  R26,R@0
                 	MOV  R27,R@1
                 	SUBI R26,LOW(-@2)
                 	SBCI R27,HIGH(-@2)
                 	CALL __PUTDP1
                 	.ENDM
                 
                 	.MACRO __PUTB1RONS
                 	MOV  R26,R@0
                 	MOV  R27,R@1
                 	ADIW R26,@2
                 	ST   X,R30
                 	.ENDM
                 
                 	.MACRO __PUTW1RONS
                 	MOV  R26,R@0
                 	MOV  R27,R@1
                 	ADIW R26,@2
                 	ST   X+,R30
                 	ST   X,R31
                 	.ENDM
                 
                 	.MACRO __PUTD1RONS
                 	MOV  R26,R@0
                 	MOV  R27,R@1
                 	ADIW R26,@2
                 	CALL __PUTDP1
                 	.ENDM
                 
                 
                 	.MACRO __GETB1SX
                 	MOVW R30,R28
                 	SUBI R30,LOW(-@0)
                 	SBCI R31,HIGH(-@0)
                 	LD   R30,Z
                 	.ENDM
                 
                 	.MACRO __GETB1HSX
                 	MOVW R30,R28
                 	SUBI R30,LOW(-@0)
                 	SBCI R31,HIGH(-@0)
                 	LD   R31,Z
                 	.ENDM
                 
                 	.MACRO __GETW1SX
                 	MOVW R30,R28
                 	SUBI R30,LOW(-@0)
                 	SBCI R31,HIGH(-@0)
                 	LD   R0,Z+
                 	LD   R31,Z
                 	MOV  R30,R0
                 	.ENDM
                 
                 	.MACRO __GETD1SX
                 	MOVW R30,R28
                 	SUBI R30,LOW(-@0)
                 	SBCI R31,HIGH(-@0)
                 	LD   R0,Z+
                 	LD   R1,Z+
                 	LD   R22,Z+
                 	LD   R23,Z
                 	MOVW R30,R0
                 	.ENDM
                 
                 	.MACRO __GETB2SX
                 	MOVW R26,R28
                 	SUBI R26,LOW(-@0)
                 	SBCI R27,HIGH(-@0)
                 	LD   R26,X
                 	.ENDM
                 
                 	.MACRO __GETW2SX
                 	MOVW R26,R28
                 	SUBI R26,LOW(-@0)
                 	SBCI R27,HIGH(-@0)
                 	LD   R0,X+
                 	LD   R27,X
                 	MOV  R26,R0
                 	.ENDM
                 
                 	.MACRO __GETD2SX
                 	MOVW R26,R28
                 	SUBI R26,LOW(-@0)
                 	SBCI R27,HIGH(-@0)
                 	LD   R0,X+
                 	LD   R1,X+
                 	LD   R24,X+
                 	LD   R25,X
                 	MOVW R26,R0
                 	.ENDM
                 
                 	.MACRO __GETBRSX
                 	MOVW R30,R28
                 	SUBI R30,LOW(-@1)
                 	SBCI R31,HIGH(-@1)
                 	LD   R@0,Z
                 	.ENDM
                 
                 	.MACRO __GETWRSX
                 	MOVW R30,R28
                 	SUBI R30,LOW(-@2)
                 	SBCI R31,HIGH(-@2)
                 	LD   R@0,Z+
                 	LD   R@1,Z
                 	.ENDM
                 
                 	.MACRO __GETBRSX2
                 	MOVW R26,R28
                 	SUBI R26,LOW(-@1)
                 	SBCI R27,HIGH(-@1)
                 	LD   R@0,X
                 	.ENDM
                 
                 	.MACRO __GETWRSX2
                 	MOVW R26,R28
                 	SUBI R26,LOW(-@2)
                 	SBCI R27,HIGH(-@2)
                 	LD   R@0,X+
                 	LD   R@1,X
                 	.ENDM
                 
                 	.MACRO __LSLW8SX
                 	MOVW R30,R28
                 	SUBI R30,LOW(-@0)
                 	SBCI R31,HIGH(-@0)
                 	LD   R31,Z
                 	CLR  R30
                 	.ENDM
                 
                 	.MACRO __PUTB1SX
                 	MOVW R26,R28
                 	SUBI R26,LOW(-@0)
                 	SBCI R27,HIGH(-@0)
                 	ST   X,R30
                 	.ENDM
                 
                 	.MACRO __PUTW1SX
                 	MOVW R26,R28
                 	SUBI R26,LOW(-@0)
                 	SBCI R27,HIGH(-@0)
                 	ST   X+,R30
                 	ST   X,R31
                 	.ENDM
                 
                 	.MACRO __PUTD1SX
                 	MOVW R26,R28
                 	SUBI R26,LOW(-@0)
                 	SBCI R27,HIGH(-@0)
                 	ST   X+,R30
                 	ST   X+,R31
                 	ST   X+,R22
                 	ST   X,R23
                 	.ENDM
                 
                 	.MACRO __CLRW1SX
                 	MOVW R26,R28
                 	SUBI R26,LOW(-@0)
                 	SBCI R27,HIGH(-@0)
                 	ST   X+,R30
                 	ST   X,R30
                 	.ENDM
                 
                 	.MACRO __CLRD1SX
                 	MOVW R26,R28
                 	SUBI R26,LOW(-@0)
                 	SBCI R27,HIGH(-@0)
                 	ST   X+,R30
                 	ST   X+,R30
                 	ST   X+,R30
                 	ST   X,R30
                 	.ENDM
                 
                 	.MACRO __PUTB2SX
                 	MOVW R30,R28
                 	SUBI R30,LOW(-@0)
                 	SBCI R31,HIGH(-@0)
                 	ST   Z,R26
                 	.ENDM
                 
                 	.MACRO __PUTW2SX
                 	MOVW R30,R28
                 	SUBI R30,LOW(-@0)
                 	SBCI R31,HIGH(-@0)
                 	ST   Z+,R26
                 	ST   Z,R27
                 	.ENDM
                 
                 	.MACRO __PUTD2SX
                 	MOVW R30,R28
                 	SUBI R30,LOW(-@0)
                 	SBCI R31,HIGH(-@0)
                 	ST   Z+,R26
                 	ST   Z+,R27
                 	ST   Z+,R24
                 	ST   Z,R25
                 	.ENDM
                 
                 	.MACRO __PUTBSRX
                 	MOVW R30,R28
                 	SUBI R30,LOW(-@1)
                 	SBCI R31,HIGH(-@1)
                 	ST   Z,R@0
                 	.ENDM
                 
                 	.MACRO __PUTWSRX
                 	MOVW R30,R28
                 	SUBI R30,LOW(-@2)
                 	SBCI R31,HIGH(-@2)
                 	ST   Z+,R@0
                 	ST   Z,R@1
                 	.ENDM
                 
                 	.MACRO __PUTB1SNX
                 	MOVW R26,R28
                 	SUBI R26,LOW(-@0)
                 	SBCI R27,HIGH(-@0)
                 	LD   R0,X+
                 	LD   R27,X
                 	MOV  R26,R0
                 	SUBI R26,LOW(-@1)
                 	SBCI R27,HIGH(-@1)
                 	ST   X,R30
                 	.ENDM
                 
                 	.MACRO __PUTW1SNX
                 	MOVW R26,R28
                 	SUBI R26,LOW(-@0)
                 	SBCI R27,HIGH(-@0)
                 	LD   R0,X+
                 	LD   R27,X
                 	MOV  R26,R0
                 	SUBI R26,LOW(-@1)
                 	SBCI R27,HIGH(-@1)
                 	ST   X+,R30
                 	ST   X,R31
                 	.ENDM
                 
                 	.MACRO __PUTD1SNX
                 	MOVW R26,R28
                 	SUBI R26,LOW(-@0)
                 	SBCI R27,HIGH(-@0)
                 	LD   R0,X+
                 	LD   R27,X
                 	MOV  R26,R0
                 	SUBI R26,LOW(-@1)
                 	SBCI R27,HIGH(-@1)
                 	ST   X+,R30
                 	ST   X+,R31
                 	ST   X+,R22
                 	ST   X,R23
                 	.ENDM
                 
                 	.MACRO __MULBRR
                 	MULS R@0,R@1
                 	MOVW R30,R0
                 	.ENDM
                 
                 	.MACRO __MULBRRU
                 	MUL  R@0,R@1
                 	MOVW R30,R0
                 	.ENDM
                 
                 	.MACRO __MULBRR0
                 	MULS R@0,R@1
                 	.ENDM
                 
                 	.MACRO __MULBRRU0
                 	MUL  R@0,R@1
                 	.ENDM
                 
                 	.MACRO __MULBNWRU
                 	LDI  R26,@2
                 	MUL  R26,R@0
                 	MOVW R30,R0
                 	MUL  R26,R@1
                 	ADD  R31,R0
                 	.ENDM
                 
                 ;NAME DEFINITIONS FOR GLOBAL VARIABLES ALLOCATED TO REGISTERS
                 	.DEF _xung=R4
                 	.DEF __lcd_x=R7
                 	.DEF __lcd_y=R6
                 	.DEF __lcd_maxx=R9
                 
                 	.CSEG
                 	.ORG 0x00
                 
                 ;START OF CODE MARKER
                 __START_OF_CODE:
                 
                 ;INTERRUPT VECTORS
000000 940c 0045 	JMP  __RESET
000002 940c 0075 	JMP  _ext_int0_isr
000004 940c 0000 	JMP  0x00
000006 940c 0000 	JMP  0x00
000008 940c 0000 	JMP  0x00
00000a 940c 0000 	JMP  0x00
00000c 940c 0000 	JMP  0x00
00000e 940c 0000 	JMP  0x00
000010 940c 0000 	JMP  0x00
000012 940c 0000 	JMP  0x00
000014 940c 0000 	JMP  0x00
000016 940c 0000 	JMP  0x00
000018 940c 0000 	JMP  0x00
00001a 940c 0000 	JMP  0x00
00001c 940c 0000 	JMP  0x00
00001e 940c 0000 	JMP  0x00
000020 940c 0000 	JMP  0x00
000022 940c 0000 	JMP  0x00
000024 940c 0000 	JMP  0x00
000026 940c 0000 	JMP  0x00
000028 940c 0000 	JMP  0x00
                 
                 _tbl10_G100:
00002a 2710
00002b 03e8
00002c 0064
00002d 000a      	.DB  0x10,0x27,0xE8,0x3,0x64,0x0,0xA,0x0
00002e 0001      	.DB  0x1,0x0
                 _tbl16_G100:
00002f 1000
000030 0100
000031 0010
000032 0001      	.DB  0x0,0x10,0x0,0x1,0x10,0x0,0x1,0x0
                 
                 _0xE:
000033 0000      	.DB  0x0,0x0
                 _0x2020060:
C:\Users\Admin\Desktop\LeDuyQuoc\avr-atmega16\sample\1-GPIO\code2\List\x.asm(1102): warning: .cseg .db misalignment - padding zero byte
000034 0001      	.DB  0x1
                 _0x2020000:
000035 4e2d
000036 4e41
000037 4900
000038 464e      	.DB  0x2D,0x4E,0x41,0x4E,0x0,0x49,0x4E,0x46
C:\Users\Admin\Desktop\LeDuyQuoc\avr-atmega16\sample\1-GPIO\code2\List\x.asm(1105): warning: .cseg .db misalignment - padding zero byte
000039 0000      	.DB  0x0
                 _0x2040003:
00003a c080      	.DB  0x80,0xC0
                 
                 __GLOBAL_INI_TBL:
00003b 0002      	.DW  0x02
00003c 0004      	.DW  0x04
00003d 0066      	.DW  _0xE*2
                 
00003e 0001      	.DW  0x01
00003f 0160      	.DW  __seed_G101
000040 0068      	.DW  _0x2020060*2
                 
000041 0002      	.DW  0x02
000042 0164      	.DW  __base_y_G102
000043 0074      	.DW  _0x2040003*2
                 
                 _0xFFFFFFFF:
000044 0000      	.DW  0
                 
                 __RESET:
000045 94f8      	CLI
000046 27ee      	CLR  R30
000047 bbec      	OUT  EECR,R30
                 
                 ;INTERRUPT VECTORS ARE PLACED
                 ;AT THE START OF FLASH
000048 e0f1      	LDI  R31,1
000049 bffb      	OUT  GICR,R31
00004a bfeb      	OUT  GICR,R30
00004b bfe5      	OUT  MCUCR,R30
                 
                 ;DISABLE WATCHDOG
00004c e1f8      	LDI  R31,0x18
00004d bdf1      	OUT  WDTCR,R31
00004e bde1      	OUT  WDTCR,R30
                 
                 ;CLEAR R2-R14
00004f e08d      	LDI  R24,(14-2)+1
000050 e0a2      	LDI  R26,2
000051 27bb      	CLR  R27
                 __CLEAR_REG:
000052 93ed      	ST   X+,R30
000053 958a      	DEC  R24
000054 f7e9      	BRNE __CLEAR_REG
                 
                 ;CLEAR SRAM
000055 e080      	LDI  R24,LOW(__CLEAR_SRAM_SIZE)
000056 e094      	LDI  R25,HIGH(__CLEAR_SRAM_SIZE)
000057 e6a0      	LDI  R26,__SRAM_START
                 __CLEAR_SRAM:
000058 93ed      	ST   X+,R30
000059 9701      	SBIW R24,1
00005a f7e9      	BRNE __CLEAR_SRAM
                 
                 ;GLOBAL VARIABLES INITIALIZATION
00005b e7e6      	LDI  R30,LOW(__GLOBAL_INI_TBL*2)
00005c e0f0      	LDI  R31,HIGH(__GLOBAL_INI_TBL*2)
                 __GLOBAL_INI_NEXT:
00005d 9185      	LPM  R24,Z+
00005e 9195      	LPM  R25,Z+
00005f 9700      	SBIW R24,0
000060 f061      	BREQ __GLOBAL_INI_END
000061 91a5      	LPM  R26,Z+
000062 91b5      	LPM  R27,Z+
000063 9005      	LPM  R0,Z+
000064 9015      	LPM  R1,Z+
000065 01bf      	MOVW R22,R30
000066 01f0      	MOVW R30,R0
                 __GLOBAL_INI_LOOP:
000067 9005      	LPM  R0,Z+
000068 920d      	ST   X+,R0
000069 9701      	SBIW R24,1
00006a f7e1      	BRNE __GLOBAL_INI_LOOP
00006b 01fb      	MOVW R30,R22
00006c cff0      	RJMP __GLOBAL_INI_NEXT
                 __GLOBAL_INI_END:
                 
                 ;HARDWARE STACK POINTER INITIALIZATION
00006d e5ef      	LDI  R30,LOW(__SRAM_END-__HEAP_SIZE)
00006e bfed      	OUT  SPL,R30
00006f e0e4      	LDI  R30,HIGH(__SRAM_END-__HEAP_SIZE)
000070 bfee      	OUT  SPH,R30
                 
                 ;DATA STACK POINTER INITIALIZATION
000071 e6c0      	LDI  R28,LOW(__SRAM_START+__DSTACK_SIZE)
000072 e0d1      	LDI  R29,HIGH(__SRAM_START+__DSTACK_SIZE)
                 
000073 940c 00c1 	JMP  _main
                 
                 	.ESEG
                 	.ORG 0
                 
                 	.DSEG
                 	.ORG 0x160
                 
                 	.CSEG
                 ;/*****************************************************
                 ;This program was produced by the
                 ;CodeWizardAVR V2.05.0 Professional
                 ;Automatic Program Generator
                 ;© Copyright 1998-2010 Pavel Haiduc, HP InfoTech s.r.l.
                 ;http://www.hpinfotech.com
                 ;
                 ;Project :
                 ;Version :
                 ;Date    : 25/05/2022
                 ;Author  : NeVaDa
                 ;Company :
                 ;Comments:
                 ;
                 ;
                 ;Chip type               : ATmega16
                 ;Program type            : Application
                 ;AVR Core Clock frequency: 1.000000 MHz
                 ;Memory model            : Small
                 ;External RAM size       : 0
                 ;Data Stack size         : 256
                 ;*****************************************************/
                 ;
                 ;#include <mega16.h>
                 	#ifndef __SLEEP_DEFINED__
                 	#define __SLEEP_DEFINED__
                 	.EQU __se_bit=0x40
                 	.EQU __sm_mask=0xB0
                 	.EQU __sm_powerdown=0x20
                 	.EQU __sm_powersave=0x30
                 	.EQU __sm_standby=0xA0
                 	.EQU __sm_ext_standby=0xB0
                 	.EQU __sm_adc_noise_red=0x10
                 	.SET power_ctrl_reg=mcucr
                 	#endif
                 ;#include <stdio.h>
                 ;#include <stdlib.h>
                 ;#include <delay.h>
                 ;
                 ;// Alphanumeric LCD Module functions
                 ;#include <alcd.h>
                 ;
                 ;#define LED PORTB.0
                 ;
                 ;unsigned int xung = 0;
                 ;
                 ;
                 ;// External Interrupt 0 service routine
                 ;interrupt [EXT_INT0] void ext_int0_isr(void)
                 ; 0000 0027 {
                 
                 	.CSEG
                 _ext_int0_isr:
000075 93ea      	ST   -Y,R30
000076 93fa      	ST   -Y,R31
000077 b7ef      	IN   R30,SREG
000078 93ea      	ST   -Y,R30
                 ; 0000 0028     xung++;
000079 01f2      	MOVW R30,R4
00007a 9631      	ADIW R30,1
00007b 012f      	MOVW R4,R30
                 ; 0000 0029     LED = 1;
00007c 9ac0      	SBI  0x18,0
                 ; 0000 002A }
00007d 91e9      	LD   R30,Y+
00007e bfef      	OUT  SREG,R30
00007f 91f9      	LD   R31,Y+
000080 91e9      	LD   R30,Y+
000081 9518      	RETI
                 ;
                 ;void hienthilcd_1(unsigned char x, unsigned y)
                 ; 0000 002D {
                 _hienthilcd_1:
                 ; 0000 002E     char *buffer;
                 ; 0000 002F     xung *= 10;
000082 931a      	ST   -Y,R17
000083 930a      	ST   -Y,R16
                 ;	x -> Y+4
                 ;	y -> Y+2
                 ;	*buffer -> R16,R17
000084 01f2      	MOVW R30,R4
000085 e0aa      	LDI  R26,LOW(10)
000086 e0b0      	LDI  R27,HIGH(10)
000087 940e 020c 	CALL __MULW12U
000089 012f      	MOVW R4,R30
                 ; 0000 0030     itoa(xung, buffer);
00008a 925a      	ST   -Y,R5
00008b 924a      	ST   -Y,R4
00008c 931a      	ST   -Y,R17
00008d 930a      	ST   -Y,R16
00008e 940e 0112 	CALL _itoa
                 ; 0000 0031     lcd_gotoxy(x, y);
000090 81ec      	LDD  R30,Y+4
000091 93ea      	ST   -Y,R30
000092 81eb      	LDD  R30,Y+3
000093 93ea      	ST   -Y,R30
000094 940e 016f 	CALL _lcd_gotoxy
                 ; 0000 0032     lcd_puts(buffer);
000096 931a      	ST   -Y,R17
000097 930a      	ST   -Y,R16
000098 940e 019e 	CALL _lcd_puts
                 ; 0000 0033 }
00009a 8119      	LDD  R17,Y+1
00009b 8108      	LDD  R16,Y+0
00009c 9625      	ADIW R28,5
00009d 9508      	RET
                 ; void hienthilcd_2(unsigned char x, unsigned y)
                 ; 0000 0035 {
                 _hienthilcd_2:
                 ; 0000 0036 lcd_gotoxy(x ,y);
                 ;	x -> Y+2
                 ;	y -> Y+0
00009e 81ea      	LDD  R30,Y+2
00009f 93ea      	ST   -Y,R30
0000a0 81e9      	LDD  R30,Y+1
0000a1 93ea      	ST   -Y,R30
0000a2 940e 016f 	CALL _lcd_gotoxy
                 ; 0000 0037 /*lcd_putchar(xung/10000000 +48);
                 ; 0000 0038 lcd_putchar(xung/1000000%10 +48);
                 ; 0000 0039 lcd_putchar(xung/100000%10 +48); */
                 ; 0000 003A lcd_putchar(xung/10000 +48);
0000a4 01d2      	MOVW R26,R4
0000a5 e1e0      	LDI  R30,LOW(10000)
0000a6 e2f7      	LDI  R31,HIGH(10000)
0000a7 940e 0214 	CALL __DIVW21U
0000a9 940e 01e1 	CALL SUBOPT_0x0
                 ; 0000 003B lcd_putchar(xung/1000%10 +48);
0000ab eee8      	LDI  R30,LOW(1000)
0000ac e0f3      	LDI  R31,HIGH(1000)
0000ad 940e 01e7 	CALL SUBOPT_0x1
                 ; 0000 003C lcd_putchar(xung/100%10 +48);
0000af e6e4      	LDI  R30,LOW(100)
0000b0 e0f0      	LDI  R31,HIGH(100)
0000b1 940e 01e7 	CALL SUBOPT_0x1
                 ; 0000 003D lcd_putchar(xung/10%10 +48);
0000b3 e0ea      	LDI  R30,LOW(10)
0000b4 e0f0      	LDI  R31,HIGH(10)
0000b5 940e 01e7 	CALL SUBOPT_0x1
                 ; 0000 003E lcd_putchar(xung%10 +48);
0000b7 e0ea      	LDI  R30,LOW(10)
0000b8 e0f0      	LDI  R31,HIGH(10)
0000b9 940e 0227 	CALL __MODW21U
0000bb 5de0      	SUBI R30,-LOW(48)
0000bc 93ea      	ST   -Y,R30
0000bd 940e 0189 	CALL _lcd_putchar
                 ; 0000 003F }
0000bf 940c 01ab 	JMP  _0x20C0002
                 ;
                 ;// Declare your global variables here
                 ;
                 ;void main(void)
                 ; 0000 0044 {
                 _main:
                 ; 0000 0045 // Declare your local variables here
                 ; 0000 0046 
                 ; 0000 0047 // Input/Output Ports initialization
                 ; 0000 0048 // Port A initialization
                 ; 0000 0049 // Func7=In Func6=In Func5=In Func4=In Func3=In Func2=In Func1=In Func0=In
                 ; 0000 004A // State7=T State6=T State5=T State4=T State3=T State2=T State1=T State0=T
                 ; 0000 004B PORTA=0x00;
0000c1 e0e0      	LDI  R30,LOW(0)
0000c2 bbeb      	OUT  0x1B,R30
                 ; 0000 004C DDRA=0x00;
0000c3 bbea      	OUT  0x1A,R30
                 ; 0000 004D 
                 ; 0000 004E // Port B initialization
                 ; 0000 004F // Func7=In Func6=In Func5=In Func4=In Func3=In Func2=In Func1=In Func0=In
                 ; 0000 0050 // State7=T State6=T State5=T State4=T State3=T State2=T State1=T State0=T
                 ; 0000 0051 PORTB=0x00;
0000c4 bbe8      	OUT  0x18,R30
                 ; 0000 0052 DDRB=0x01;
0000c5 e0e1      	LDI  R30,LOW(1)
0000c6 bbe7      	OUT  0x17,R30
                 ; 0000 0053 
                 ; 0000 0054 // Port C initialization
                 ; 0000 0055 // Func7=In Func6=In Func5=In Func4=In Func3=In Func2=In Func1=In Func0=In
                 ; 0000 0056 // State7=T State6=T State5=T State4=T State3=T State2=T State1=T State0=T
                 ; 0000 0057 PORTC=0x00;
0000c7 e0e0      	LDI  R30,LOW(0)
0000c8 bbe5      	OUT  0x15,R30
                 ; 0000 0058 DDRC=0x00;
0000c9 bbe4      	OUT  0x14,R30
                 ; 0000 0059 
                 ; 0000 005A // Port D initialization
                 ; 0000 005B // Func7=In Func6=In Func5=In Func4=In Func3=In Func2=In Func1=In Func0=In
                 ; 0000 005C // State7=T State6=T State5=T State4=T State3=T State2=T State1=T State0=T
                 ; 0000 005D PORTD=0x00;
0000ca bbe2      	OUT  0x12,R30
                 ; 0000 005E DDRD=0x00;
0000cb bbe1      	OUT  0x11,R30
                 ; 0000 005F 
                 ; 0000 0060 // Timer/Counter 0 initialization
                 ; 0000 0061 // Clock source: System Clock
                 ; 0000 0062 // Clock value: 0.977 kHz
                 ; 0000 0063 // Mode: Normal top=0xFF
                 ; 0000 0064 // OC0 output: Disconnected
                 ; 0000 0065 TCCR0=0x05;
0000cc e0e5      	LDI  R30,LOW(5)
0000cd bfe3      	OUT  0x33,R30
                 ; 0000 0066 TCNT0=0x00;
0000ce e0e0      	LDI  R30,LOW(0)
0000cf bfe2      	OUT  0x32,R30
                 ; 0000 0067 OCR0=0x00;
0000d0 bfec      	OUT  0x3C,R30
                 ; 0000 0068 
                 ; 0000 0069 // Timer/Counter 1 initialization
                 ; 0000 006A // Clock source: System Clock
                 ; 0000 006B // Clock value: Timer1 Stopped
                 ; 0000 006C // Mode: Normal top=0xFFFF
                 ; 0000 006D // OC1A output: Discon.
                 ; 0000 006E // OC1B output: Discon.
                 ; 0000 006F // Noise Canceler: Off
                 ; 0000 0070 // Input Capture on Falling Edge
                 ; 0000 0071 // Timer1 Overflow Interrupt: Off
                 ; 0000 0072 // Input Capture Interrupt: Off
                 ; 0000 0073 // Compare A Match Interrupt: Off
                 ; 0000 0074 // Compare B Match Interrupt: Off
                 ; 0000 0075 TCCR1A=0x00;
0000d1 bdef      	OUT  0x2F,R30
                 ; 0000 0076 TCCR1B=0x00;
0000d2 bdee      	OUT  0x2E,R30
                 ; 0000 0077 TCNT1H=0x00;
0000d3 bded      	OUT  0x2D,R30
                 ; 0000 0078 TCNT1L=0x00;
0000d4 bdec      	OUT  0x2C,R30
                 ; 0000 0079 ICR1H=0x00;
0000d5 bde7      	OUT  0x27,R30
                 ; 0000 007A ICR1L=0x00;
0000d6 bde6      	OUT  0x26,R30
                 ; 0000 007B OCR1AH=0x00;
0000d7 bdeb      	OUT  0x2B,R30
                 ; 0000 007C OCR1AL=0x00;
0000d8 bdea      	OUT  0x2A,R30
                 ; 0000 007D OCR1BH=0x00;
0000d9 bde9      	OUT  0x29,R30
                 ; 0000 007E OCR1BL=0x00;
0000da bde8      	OUT  0x28,R30
                 ; 0000 007F 
                 ; 0000 0080 // Timer/Counter 2 initialization
                 ; 0000 0081 // Clock source: System Clock
                 ; 0000 0082 // Clock value: Timer2 Stopped
                 ; 0000 0083 // Mode: Normal top=0xFF
                 ; 0000 0084 // OC2 output: Disconnected
                 ; 0000 0085 ASSR=0x00;
0000db bde2      	OUT  0x22,R30
                 ; 0000 0086 TCCR2=0x00;
0000dc bde5      	OUT  0x25,R30
                 ; 0000 0087 TCNT2=0x00;
0000dd bde4      	OUT  0x24,R30
                 ; 0000 0088 OCR2=0x00;
0000de bde3      	OUT  0x23,R30
                 ; 0000 0089 
                 ; 0000 008A // External Interrupt(s) initialization
                 ; 0000 008B // INT0: On
                 ; 0000 008C // INT0 Mode: Rising Edge
                 ; 0000 008D // INT1: Off
                 ; 0000 008E // INT2: Off
                 ; 0000 008F GICR|=0x40;
0000df b7eb      	IN   R30,0x3B
0000e0 64e0      	ORI  R30,0x40
0000e1 bfeb      	OUT  0x3B,R30
                 ; 0000 0090 MCUCR=0x03;
0000e2 e0e3      	LDI  R30,LOW(3)
0000e3 bfe5      	OUT  0x35,R30
                 ; 0000 0091 MCUCSR=0x00;
0000e4 e0e0      	LDI  R30,LOW(0)
0000e5 bfe4      	OUT  0x34,R30
                 ; 0000 0092 GIFR=0x40;
0000e6 e4e0      	LDI  R30,LOW(64)
0000e7 bfea      	OUT  0x3A,R30
                 ; 0000 0093 
                 ; 0000 0094 // Timer(s)/Counter(s) Interrupt(s) initialization
                 ; 0000 0095 TIMSK=0x01;
0000e8 e0e1      	LDI  R30,LOW(1)
0000e9 bfe9      	OUT  0x39,R30
                 ; 0000 0096 
                 ; 0000 0097 // USART initialization
                 ; 0000 0098 // USART disabled
                 ; 0000 0099 UCSRB=0x00;
0000ea e0e0      	LDI  R30,LOW(0)
0000eb b9ea      	OUT  0xA,R30
                 ; 0000 009A 
                 ; 0000 009B // Analog Comparator initialization
                 ; 0000 009C // Analog Comparator: Off
                 ; 0000 009D // Analog Comparator Input Capture by Timer/Counter 1: Off
                 ; 0000 009E ACSR=0x80;
0000ec e8e0      	LDI  R30,LOW(128)
0000ed b9e8      	OUT  0x8,R30
                 ; 0000 009F SFIOR=0x00;
0000ee e0e0      	LDI  R30,LOW(0)
0000ef bfe0      	OUT  0x30,R30
                 ; 0000 00A0 
                 ; 0000 00A1 // ADC initialization
                 ; 0000 00A2 // ADC disabled
                 ; 0000 00A3 ADCSRA=0x00;
0000f0 b9e6      	OUT  0x6,R30
                 ; 0000 00A4 
                 ; 0000 00A5 // SPI initialization
                 ; 0000 00A6 // SPI disabled
                 ; 0000 00A7 SPCR=0x00;
0000f1 b9ed      	OUT  0xD,R30
                 ; 0000 00A8 
                 ; 0000 00A9 // TWI initialization
                 ; 0000 00AA // TWI disabled
                 ; 0000 00AB TWCR=0x00;
0000f2 bfe6      	OUT  0x36,R30
                 ; 0000 00AC 
                 ; 0000 00AD // Alphanumeric LCD initialization
                 ; 0000 00AE // Connections specified in the
                 ; 0000 00AF // Project|Configure|C Compiler|Libraries|Alphanumeric LCD menu:
                 ; 0000 00B0 // RS - PORTA Bit 0
                 ; 0000 00B1 // RD - PORTA Bit 1
                 ; 0000 00B2 // EN - PORTA Bit 2
                 ; 0000 00B3 // D4 - PORTA Bit 4
                 ; 0000 00B4 // D5 - PORTA Bit 5
                 ; 0000 00B5 // D6 - PORTA Bit 6
                 ; 0000 00B6 // D7 - PORTA Bit 7
                 ; 0000 00B7 // Characters/line: 16
                 ; 0000 00B8 lcd_init(16);
0000f3 e1e0      	LDI  R30,LOW(16)
0000f4 93ea      	ST   -Y,R30
0000f5 940e 01ad 	CALL _lcd_init
                 ; 0000 00B9 
                 ; 0000 00BA // Global enable interrupts
                 ; 0000 00BB #asm("sei")
0000f7 9478      	sei
                 ; 0000 00BC xung = 0;
0000f8 2444      	CLR  R4
0000f9 2455      	CLR  R5
                 ; 0000 00BD while (1)
                 _0x5:
                 ; 0000 00BE       {
                 ; 0000 00BF 
                 ; 0000 00C0       while(TCNT0 < 97);
                 _0x8:
0000fa b7e2      	IN   R30,0x32
0000fb 36e1      	CPI  R30,LOW(0x61)
0000fc f3e8      	BRLO _0x8
                 ; 0000 00C1       //xung *= 10;
                 ; 0000 00C2       LED = 0;
0000fd 98c0      	CBI  0x18,0
                 ; 0000 00C3       hienthilcd_1(0,0);
0000fe e0e0      	LDI  R30,LOW(0)
0000ff 93ea      	ST   -Y,R30
000100 e0e0      	LDI  R30,LOW(0)
000101 e0f0      	LDI  R31,HIGH(0)
000102 93fa      	ST   -Y,R31
000103 93ea      	ST   -Y,R30
000104 df7d      	RCALL _hienthilcd_1
                 ; 0000 00C4       hienthilcd_2(0,1);
000105 e0e0      	LDI  R30,LOW(0)
000106 93ea      	ST   -Y,R30
000107 e0e1      	LDI  R30,LOW(1)
000108 e0f0      	LDI  R31,HIGH(1)
000109 93fa      	ST   -Y,R31
00010a 93ea      	ST   -Y,R30
00010b df92      	RCALL _hienthilcd_2
                 ; 0000 00C5       TCNT0 = 0;
00010c e0e0      	LDI  R30,LOW(0)
00010d bfe2      	OUT  0x32,R30
                 ; 0000 00C6       xung = 0;
00010e 2444      	CLR  R4
00010f 2455      	CLR  R5
                 ; 0000 00C7 
                 ; 0000 00C8       }
000110 cfe9      	RJMP _0x5
                 ; 0000 00C9 }
                 _0xD:
000111 cfff      	RJMP _0xD
                 	#ifndef __SLEEP_DEFINED__
                 	#endif
                 
                 	.CSEG
                 
                 	.CSEG
                 _itoa:
000112 91a9          ld   r26,y+
000113 91b9          ld   r27,y+
000114 91e9          ld   r30,y+
000115 91f9          ld   r31,y+
000116 9630          adiw r30,0
000117 f42a          brpl __itoa0
000118 95e0          com  r30
000119 95f0          com  r31
00011a 9631          adiw r30,1
00011b e26d          ldi  r22,'-'
00011c 936d          st   x+,r22
                 __itoa0:
00011d 94e8          clt
00011e e180          ldi  r24,low(10000)
00011f e297          ldi  r25,high(10000)
000120 d00d          rcall __itoa1
000121 ee88          ldi  r24,low(1000)
000122 e093          ldi  r25,high(1000)
000123 d00a          rcall __itoa1
000124 e684          ldi  r24,100
000125 2799          clr  r25
000126 d007          rcall __itoa1
000127 e08a          ldi  r24,10
000128 d005          rcall __itoa1
000129 2f6e          mov  r22,r30
00012a d010          rcall __itoa5
00012b 2766          clr  r22
00012c 936c          st   x,r22
00012d 9508          ret
                 
                 __itoa1:
00012e 2766          clr	 r22
                 __itoa2:
00012f 17e8          cp   r30,r24
000130 07f9          cpc  r31,r25
000131 f020          brlo __itoa3
000132 9563          inc  r22
000133 1be8          sub  r30,r24
000134 0bf9          sbc  r31,r25
000135 f7c9          brne __itoa2
                 __itoa3:
000136 2366          tst  r22
000137 f411          brne __itoa4
000138 f016          brts __itoa5
000139 9508          ret
                 __itoa4:
00013a 9468          set
                 __itoa5:
00013b 5d60          subi r22,-0x30
00013c 936d          st   x+,r22
00013d 9508          ret
                 
                 	.DSEG
                 
                 	.CSEG
                 	#ifndef __SLEEP_DEFINED__
                 	#endif
                 
                 	.DSEG
                 
                 	.CSEG
                 __lcd_write_nibble_G102:
00013e 81e8      	LD   R30,Y
00013f 71e0      	ANDI R30,LOW(0x10)
000140 f011      	BREQ _0x2040004
000141 9adc      	SBI  0x1B,4
000142 c001      	RJMP _0x2040005
                 _0x2040004:
000143 98dc      	CBI  0x1B,4
                 _0x2040005:
000144 81e8      	LD   R30,Y
000145 72e0      	ANDI R30,LOW(0x20)
000146 f011      	BREQ _0x2040006
000147 9add      	SBI  0x1B,5
000148 c001      	RJMP _0x2040007
                 _0x2040006:
000149 98dd      	CBI  0x1B,5
                 _0x2040007:
00014a 81e8      	LD   R30,Y
00014b 74e0      	ANDI R30,LOW(0x40)
00014c f011      	BREQ _0x2040008
00014d 9ade      	SBI  0x1B,6
00014e c001      	RJMP _0x2040009
                 _0x2040008:
00014f 98de      	CBI  0x1B,6
                 _0x2040009:
000150 81e8      	LD   R30,Y
000151 78e0      	ANDI R30,LOW(0x80)
000152 f011      	BREQ _0x204000A
000153 9adf      	SBI  0x1B,7
000154 c001      	RJMP _0x204000B
                 _0x204000A:
000155 98df      	CBI  0x1B,7
                 _0x204000B:
                +
000156 e081     +LDI R24 , LOW ( 1 )
                +__DELAY_USB_LOOP :
000157 958a     +DEC R24
000158 f7f1     +BRNE __DELAY_USB_LOOP
                 	__DELAY_USB 1
000159 9ada      	SBI  0x1B,2
                +
00015a e082     +LDI R24 , LOW ( 2 )
                +__DELAY_USB_LOOP :
00015b 958a     +DEC R24
00015c f7f1     +BRNE __DELAY_USB_LOOP
                 	__DELAY_USB 2
00015d 98da      	CBI  0x1B,2
                +
00015e e082     +LDI R24 , LOW ( 2 )
                +__DELAY_USB_LOOP :
00015f 958a     +DEC R24
000160 f7f1     +BRNE __DELAY_USB_LOOP
                 	__DELAY_USB 2
000161 c07d      	RJMP _0x20C0001
                 __lcd_write_data:
000162 81e8      	LD   R30,Y
000163 93ea      	ST   -Y,R30
000164 dfd9      	RCALL __lcd_write_nibble_G102
000165 81e8          ld    r30,y
000166 95e2          swap  r30
000167 83e8          st    y,r30
000168 81e8      	LD   R30,Y
000169 93ea      	ST   -Y,R30
00016a dfd3      	RCALL __lcd_write_nibble_G102
                +
00016b e181     +LDI R24 , LOW ( 17 )
                +__DELAY_USB_LOOP :
00016c 958a     +DEC R24
00016d f7f1     +BRNE __DELAY_USB_LOOP
                 	__DELAY_USB 17
00016e c070      	RJMP _0x20C0001
                 _lcd_gotoxy:
00016f 81e8      	LD   R30,Y
000170 e0f0      	LDI  R31,0
000171 59ec      	SUBI R30,LOW(-__base_y_G102)
000172 4ffe      	SBCI R31,HIGH(-__base_y_G102)
000173 81e0      	LD   R30,Z
000174 81a9      	LDD  R26,Y+1
000175 0fea      	ADD  R30,R26
000176 93ea      	ST   -Y,R30
000177 dfea      	RCALL __lcd_write_data
000178 8079      	LDD  R7,Y+1
000179 8068      	LDD  R6,Y+0
00017a 9622      	ADIW R28,2
00017b 9508      	RET
                 _lcd_clear:
00017c e0e2      	LDI  R30,LOW(2)
00017d 940e 01ef 	CALL SUBOPT_0x2
00017f e0ec      	LDI  R30,LOW(12)
000180 93ea      	ST   -Y,R30
000181 dfe0      	RCALL __lcd_write_data
000182 e0e1      	LDI  R30,LOW(1)
000183 940e 01ef 	CALL SUBOPT_0x2
000185 e0e0      	LDI  R30,LOW(0)
000186 2e6e      	MOV  R6,R30
000187 2e7e      	MOV  R7,R30
000188 9508      	RET
                 _lcd_putchar:
000189 81a8      	LD   R26,Y
00018a 30aa      	CPI  R26,LOW(0xA)
00018b f011      	BREQ _0x2040011
00018c 1479      	CP   R7,R9
00018d f048      	BRLO _0x2040010
                 _0x2040011:
00018e e0e0      	LDI  R30,LOW(0)
00018f 93ea      	ST   -Y,R30
000190 9463      	INC  R6
000191 926a      	ST   -Y,R6
000192 dfdc      	RCALL _lcd_gotoxy
000193 81a8      	LD   R26,Y
000194 30aa      	CPI  R26,LOW(0xA)
000195 f409      	BRNE _0x2040013
000196 c048      	RJMP _0x20C0001
                 _0x2040013:
                 _0x2040010:
000197 9473      	INC  R7
000198 9ad8      	SBI  0x1B,0
000199 81e8      	LD   R30,Y
00019a 93ea      	ST   -Y,R30
00019b dfc6      	RCALL __lcd_write_data
00019c 98d8      	CBI  0x1B,0
00019d c041      	RJMP _0x20C0001
                 _lcd_puts:
00019e 931a      	ST   -Y,R17
                 _0x2040014:
00019f 81a9      	LDD  R26,Y+1
0001a0 81ba      	LDD  R27,Y+1+1
0001a1 91ed      	LD   R30,X+
0001a2 83a9      	STD  Y+1,R26
0001a3 83ba      	STD  Y+1+1,R27
0001a4 2f1e      	MOV  R17,R30
0001a5 30e0      	CPI  R30,0
0001a6 f019      	BREQ _0x2040016
0001a7 931a      	ST   -Y,R17
0001a8 dfe0      	RCALL _lcd_putchar
0001a9 cff5      	RJMP _0x2040014
                 _0x2040016:
0001aa 8118      	LDD  R17,Y+0
                 _0x20C0002:
0001ab 9623      	ADIW R28,3
0001ac 9508      	RET
                 _lcd_init:
0001ad 9ad4      	SBI  0x1A,4
0001ae 9ad5      	SBI  0x1A,5
0001af 9ad6      	SBI  0x1A,6
0001b0 9ad7      	SBI  0x1A,7
0001b1 9ad2      	SBI  0x1A,2
0001b2 9ad0      	SBI  0x1A,0
0001b3 9ad1      	SBI  0x1A,1
0001b4 98da      	CBI  0x1B,2
0001b5 98d8      	CBI  0x1B,0
0001b6 98d9      	CBI  0x1B,1
0001b7 8098      	LDD  R9,Y+0
0001b8 81e8      	LD   R30,Y
0001b9 58e0      	SUBI R30,-LOW(128)
                +
0001ba 93e0 0166+STS __base_y_G102 + ( 2 ) , R30
                 	__PUTB1MN __base_y_G102,2
0001bc 81e8      	LD   R30,Y
0001bd 54e0      	SUBI R30,-LOW(192)
                +
0001be 93e0 0167+STS __base_y_G102 + ( 3 ) , R30
                 	__PUTB1MN __base_y_G102,3
0001c0 e1e4      	LDI  R30,LOW(20)
0001c1 e0f0      	LDI  R31,HIGH(20)
0001c2 93fa      	ST   -Y,R31
0001c3 93ea      	ST   -Y,R30
0001c4 940e 0200 	CALL _delay_ms
0001c6 940e 01f8 	CALL SUBOPT_0x3
0001c8 940e 01f8 	CALL SUBOPT_0x3
0001ca 940e 01f8 	CALL SUBOPT_0x3
0001cc e2e0      	LDI  R30,LOW(32)
0001cd 93ea      	ST   -Y,R30
0001ce df6f      	RCALL __lcd_write_nibble_G102
                +
0001cf e281     +LDI R24 , LOW ( 33 )
                +__DELAY_USB_LOOP :
0001d0 958a     +DEC R24
0001d1 f7f1     +BRNE __DELAY_USB_LOOP
                 	__DELAY_USB 33
0001d2 e2e8      	LDI  R30,LOW(40)
0001d3 93ea      	ST   -Y,R30
0001d4 df8d      	RCALL __lcd_write_data
0001d5 e0e4      	LDI  R30,LOW(4)
0001d6 93ea      	ST   -Y,R30
0001d7 df8a      	RCALL __lcd_write_data
0001d8 e8e5      	LDI  R30,LOW(133)
0001d9 93ea      	ST   -Y,R30
0001da df87      	RCALL __lcd_write_data
0001db e0e6      	LDI  R30,LOW(6)
0001dc 93ea      	ST   -Y,R30
0001dd df84      	RCALL __lcd_write_data
0001de df9d      	RCALL _lcd_clear
                 _0x20C0001:
0001df 9621      	ADIW R28,1
0001e0 9508      	RET
                 
                 	.CSEG
                 
                 	.CSEG
                 
                 	.CSEG
                 
                 	.DSEG
                 __seed_G101:
000160           	.BYTE 0x4
                 __base_y_G102:
000164           	.BYTE 0x4
                 
                 	.CSEG
                 ;OPTIMIZER ADDED SUBROUTINE, CALLED 4 TIMES, CODE SIZE REDUCTION:6 WORDS
                 SUBOPT_0x0:
0001e1 5de0      	SUBI R30,-LOW(48)
0001e2 93ea      	ST   -Y,R30
0001e3 940e 0189 	CALL _lcd_putchar
0001e5 01d2      	MOVW R26,R4
0001e6 9508      	RET
                 
                 ;OPTIMIZER ADDED SUBROUTINE, CALLED 3 TIMES, CODE SIZE REDUCTION:11 WORDS
                 SUBOPT_0x1:
0001e7 940e 0214 	CALL __DIVW21U
0001e9 01df      	MOVW R26,R30
0001ea e0ea      	LDI  R30,LOW(10)
0001eb e0f0      	LDI  R31,HIGH(10)
0001ec 940e 0227 	CALL __MODW21U
0001ee cff2      	RJMP SUBOPT_0x0
                 
                 ;OPTIMIZER ADDED SUBROUTINE, CALLED 2 TIMES, CODE SIZE REDUCTION:4 WORDS
                 SUBOPT_0x2:
0001ef 93ea      	ST   -Y,R30
0001f0 940e 0162 	CALL __lcd_write_data
0001f2 e0e3      	LDI  R30,LOW(3)
0001f3 e0f0      	LDI  R31,HIGH(3)
0001f4 93fa      	ST   -Y,R31
0001f5 93ea      	ST   -Y,R30
0001f6 940c 0200 	JMP  _delay_ms
                 
                 ;OPTIMIZER ADDED SUBROUTINE, CALLED 3 TIMES, CODE SIZE REDUCTION:7 WORDS
                 SUBOPT_0x3:
0001f8 e3e0      	LDI  R30,LOW(48)
0001f9 93ea      	ST   -Y,R30
0001fa 940e 013e 	CALL __lcd_write_nibble_G102
                +
0001fc e281     +LDI R24 , LOW ( 33 )
                +__DELAY_USB_LOOP :
0001fd 958a     +DEC R24
0001fe f7f1     +BRNE __DELAY_USB_LOOP
                 	__DELAY_USB 33
0001ff 9508      	RET
                 
                 
                 	.CSEG
                 _delay_ms:
000200 91e9      	ld   r30,y+
000201 91f9      	ld   r31,y+
000202 9630      	adiw r30,0
000203 f039      	breq __delay_ms1
                 __delay_ms0:
                +
000204 ef8a     +LDI R24 , LOW ( 0xFA )
000205 e090     +LDI R25 , HIGH ( 0xFA )
                +__DELAY_USW_LOOP :
000206 9701     +SBIW R24 , 1
000207 f7f1     +BRNE __DELAY_USW_LOOP
                 	__DELAY_USW 0xFA
000208 95a8      	wdr
000209 9731      	sbiw r30,1
00020a f7c9      	brne __delay_ms0
                 __delay_ms1:
00020b 9508      	ret
                 
                 __MULW12U:
00020c 9ffa      	MUL  R31,R26
00020d 2df0      	MOV  R31,R0
00020e 9feb      	MUL  R30,R27
00020f 0df0      	ADD  R31,R0
000210 9fea      	MUL  R30,R26
000211 2de0      	MOV  R30,R0
000212 0df1      	ADD  R31,R1
000213 9508      	RET
                 
                 __DIVW21U:
000214 2400      	CLR  R0
000215 2411      	CLR  R1
000216 e190      	LDI  R25,16
                 __DIVW21U1:
000217 0faa      	LSL  R26
000218 1fbb      	ROL  R27
000219 1c00      	ROL  R0
00021a 1c11      	ROL  R1
00021b 1a0e      	SUB  R0,R30
00021c 0a1f      	SBC  R1,R31
00021d f418      	BRCC __DIVW21U2
00021e 0e0e      	ADD  R0,R30
00021f 1e1f      	ADC  R1,R31
000220 c001      	RJMP __DIVW21U3
                 __DIVW21U2:
000221 60a1      	SBR  R26,1
                 __DIVW21U3:
000222 959a      	DEC  R25
000223 f799      	BRNE __DIVW21U1
000224 01fd      	MOVW R30,R26
000225 01d0      	MOVW R26,R0
000226 9508      	RET
                 
                 __MODW21U:
000227 dfec      	RCALL __DIVW21U
000228 01fd      	MOVW R30,R26
000229 9508      	RET
                 
                 ;END OF CODE MARKER
                 __END_OF_CODE:


RESOURCE USE INFORMATION
------------------------

Notice:
The register and instruction counts are symbol table hit counts,
and hence implicitly used resources are not counted, eg, the
'lpm' instruction without operands implicitly uses r0 and z,
none of which are counted.

x,y,z are separate entities in the symbol table and are
counted separately from r26..r31 here.

.dseg memory usage only counts static data declared with .byte

ATmega16 register use summary:
r0 :  12 r1 :   6 r2 :   0 r3 :   0 r4 :   9 r5 :   3 r6 :   4 r7 :   4 
r8 :   0 r9 :   2 r10:   0 r11:   0 r12:   0 r13:   0 r14:   0 r15:   0 
r16:   4 r17:   8 r18:   0 r19:   0 r20:   0 r21:   0 r22:  12 r23:   0 
r24:  27 r25:  10 r26:  23 r27:   8 r28:   5 r29:   1 r30: 183 r31:  34 
x  :   7 y  :  82 z  :   8 
Registers used: 21 out of 35 (60.0%)

ATmega16 instruction use summary:
.lds  :   0 .lds.l:   0 .sts  :   0 .sts.l:   0 adc   :   1 add   :   4 
adiw  :   8 and   :   0 andi  :   4 asr   :   0 bclr  :   0 bld   :   0 
brbc  :   0 brbs  :   0 brcc  :   1 brcs  :   0 break :   0 breq  :   8 
brge  :   0 brhc  :   0 brhs  :   0 brid  :   0 brie  :   0 brlo  :   3 
brlt  :   0 brmi  :   0 brne  :  15 brpl  :   1 brsh  :   0 brtc  :   0 
brts  :   1 brvc  :   0 brvs  :   0 bset  :   0 bst   :   0 call  :  24 
cbi   :  10 cbr   :   0 clc   :   0 clh   :   0 cli   :   1 cln   :   0 
clr   :  11 cls   :   0 clt   :   1 clv   :   0 clz   :   0 com   :   2 
cp    :   2 cpc   :   1 cpi   :   4 cpse  :   0 dec   :   8 des   :   0 
eor   :   0 fmul  :   0 fmuls :   0 fmulsu:   0 icall :   0 ijmp  :   0 
in    :   3 inc   :   3 jmp   :  24 ld    :  24 ldd   :  13 ldi   :  79 
lds   :   0 lpm   :   7 lsl   :   1 lsr   :   0 mov   :   6 movw  :  13 
mul   :   3 muls  :   0 mulsu :   0 neg   :   0 nop   :   0 or    :   0 
ori   :   1 out   :  46 pop   :   0 push  :   0 rcall :  21 ret   :  14 
reti  :   1 rjmp  :  14 rol   :   3 ror   :   0 sbc   :   2 sbci  :   1 
sbi   :  14 sbic  :   0 sbis  :   0 sbiw  :   5 sbr   :   1 sbrc  :   0 
sbrs  :   0 sec   :   0 seh   :   0 sei   :   1 sen   :   0 ser   :   0 
ses   :   0 set   :   1 sev   :   0 sez   :   0 sleep :   0 spm   :   0 
st    :  51 std   :   2 sts   :   2 sub   :   2 subi  :   6 swap  :   1 
tst   :   1 wdr   :   1 
Instructions used: 53 out of 116 (45.7%)

ATmega16 memory use summary [bytes]:
Segment   Begin    End      Code   Data   Used    Size   Use%
---------------------------------------------------------------
[.cseg] 0x000000 0x000454   1054     54   1108   16384   6.8%
[.dseg] 0x000060 0x000168      0      8      8    1119   0.7%
[.eseg] 0x000000 0x000000      0      0      0     512   0.0%

Assembly complete, 0 errors, 6 warnings
